#
# There is insufficient memory for the Java Runtime Environment to continue.
# Native memory allocation (mmap) failed to map 21495808 bytes for committing reserved memory.
# Possible reasons:
#   The system is out of physical RAM or swap space
#   In 32 bit mode, the process size limit was hit
# Possible solutions:
#   Reduce memory load on the system
#   Increase physical memory or swap space
#   Check if swap backing store is full
#   Use 64 bit Java on a 64 bit OS
#   Decrease Java heap size (-Xmx/-Xms)
#   Decrease number of Java threads
#   Decrease Java thread stack sizes (-Xss)
#   Set larger code cache with -XX:ReservedCodeCacheSize=
# This output file may be truncated or incomplete.
#
#  Out of Memory Error (os_linux.cpp:2627), pid=12662, tid=140240912172800
#
# JRE version:  (8.0_91-b14) (build )
# Java VM: Java HotSpot(TM) 64-Bit Server VM (25.91-b14 mixed mode linux-amd64 compressed oops)
# Failed to write core dump. Core dumps have been disabled. To enable core dumping, try "ulimit -c unlimited" before starting Java again
#

---------------  T H R E A D  ---------------

Current thread (0x00007f8c5800a000):  JavaThread "Unknown thread" [_thread_in_vm, id=12668, stack(0x00007f8c61b0c000,0x00007f8c61c0d000)]

Stack: [0x00007f8c61b0c000,0x00007f8c61c0d000],  sp=0x00007f8c61c0b3b0,  free space=1020k
Native frames: (J=compiled Java code, j=interpreted, Vv=VM code, C=native code)
V  [libjvm.so+0xabc18a]  VMError::report_and_die()+0x2ba
V  [libjvm.so+0x4fafeb]  report_vm_out_of_memory(char const*, int, unsigned long, VMErrorType, char const*)+0x8b
V  [libjvm.so+0x91cbb3]  os::Linux::commit_memory_impl(char*, unsigned long, bool)+0x103
V  [libjvm.so+0x91d109]  os::pd_commit_memory(char*, unsigned long, unsigned long, bool)+0x29
V  [libjvm.so+0x91740a]  os::commit_memory(char*, unsigned long, unsigned long, bool)+0x2a
V  [libjvm.so+0x98b033]  PSVirtualSpace::expand_by(unsigned long)+0x53
V  [libjvm.so+0x98bff5]  PSYoungGen::initialize_virtual_space(ReservedSpace, unsigned long)+0x75
V  [libjvm.so+0x98c95e]  PSYoungGen::initialize(ReservedSpace, unsigned long)+0x3e
V  [libjvm.so+0x2d8225]  AdjoiningGenerations::AdjoiningGenerations(ReservedSpace, GenerationSizer*, unsigned long)+0x345
V  [libjvm.so+0x93ff76]  ParallelScavengeHeap::initialize()+0x1d6
V  [libjvm.so+0xa849bb]  Universe::initialize_heap()+0xfb
V  [libjvm.so+0xa84d2e]  universe_init()+0x3e
V  [libjvm.so+0x63a575]  init_globals()+0x65
V  [libjvm.so+0xa68f3e]  Threads::create_vm(JavaVMInitArgs*, bool*)+0x23e
V  [libjvm.so+0x6cede4]  JNI_CreateJavaVM+0x74
C  [libjli.so+0x745e]  JavaMain+0x9e
C  [libpthread.so.0+0x8182]  start_thread+0xc2


---------------  P R O C E S S  ---------------

Java Threads: ( => current thread )

Other Threads:

=>0x00007f8c5800a000 (exited) JavaThread "Unknown thread" [_thread_in_vm, id=12668, stack(0x00007f8c61b0c000,0x00007f8c61c0d000)]

VM state:not at safepoint (not fully initialized)

VM Mutex/Monitor currently owned by a thread: None

GC Heap History (0 events):
No events

Deoptimization events (0 events):
No events

Internal exceptions (0 events):
No events

Events (0 events):
No events


Dynamic libraries:
00400000-00401000 r-xp 00000000 08:08 1841410                            /home/xiaofen/Java/jdk1.8/bin/java
00600000-00601000 rw-p 00000000 08:08 1841410                            /home/xiaofen/Java/jdk1.8/bin/java
00941000-00962000 rw-p 00000000 00:00 0                                  [heap]
c0000000-eab00000 ---p 00000000 00:00 0 
ebf80000-100000000 ---p 00000000 00:00 0 
7f8c49000000-7f8c49270000 rwxp 00000000 00:00 0 
7f8c49270000-7f8c58000000 ---p 00000000 00:00 0 
7f8c58000000-7f8c58031000 rw-p 00000000 00:00 0 
7f8c58031000-7f8c5c000000 ---p 00000000 00:00 0 
7f8c5e448000-7f8c5e6cd000 rw-p 00000000 00:00 0 
7f8c5e6cd000-7f8c5e8cd000 ---p 00000000 00:00 0 
7f8c5e8cd000-7f8c5e8d8000 rw-p 00000000 00:00 0 
7f8c5e8d8000-7f8c5ec8e000 ---p 00000000 00:00 0 
7f8c5ec8e000-7f8c5eca8000 r-xp 00000000 08:08 3498                       /home/xiaofen/Java/jdk1.8/jre/lib/amd64/libzip.so
7f8c5eca8000-7f8c5eea8000 ---p 0001a000 08:08 3498                       /home/xiaofen/Java/jdk1.8/jre/lib/amd64/libzip.so
7f8c5eea8000-7f8c5eea9000 rw-p 0001a000 08:08 3498                       /home/xiaofen/Java/jdk1.8/jre/lib/amd64/libzip.so
7f8c5eea9000-7f8c5eeb4000 r-xp 00000000 08:07 936566                     /lib/x86_64-linux-gnu/libnss_files-2.19.so
7f8c5eeb4000-7f8c5f0b3000 ---p 0000b000 08:07 936566                     /lib/x86_64-linux-gnu/libnss_files-2.19.so
7f8c5f0b3000-7f8c5f0b4000 r--p 0000a000 08:07 936566                     /lib/x86_64-linux-gnu/libnss_files-2.19.so
7f8c5f0b4000-7f8c5f0b5000 rw-p 0000b000 08:07 936566                     /lib/x86_64-linux-gnu/libnss_files-2.19.so
7f8c5f0b5000-7f8c5f0c0000 r-xp 00000000 08:07 936552                     /lib/x86_64-linux-gnu/libnss_nis-2.19.so
7f8c5f0c0000-7f8c5f2bf000 ---p 0000b000 08:07 936552                     /lib/x86_64-linux-gnu/libnss_nis-2.19.so
7f8c5f2bf000-7f8c5f2c0000 r--p 0000a000 08:07 936552                     /lib/x86_64-linux-gnu/libnss_nis-2.19.so
7f8c5f2c0000-7f8c5f2c1000 rw-p 0000b000 08:07 936552                     /lib/x86_64-linux-gnu/libnss_nis-2.19.so
7f8c5f2c1000-7f8c5f2d8000 r-xp 00000000 08:07 936545                     /lib/x86_64-linux-gnu/libnsl-2.19.so
7f8c5f2d8000-7f8c5f4d7000 ---p 00017000 08:07 936545                     /lib/x86_64-linux-gnu/libnsl-2.19.so
7f8c5f4d7000-7f8c5f4d8000 r--p 00016000 08:07 936545                     /lib/x86_64-linux-gnu/libnsl-2.19.so
7f8c5f4d8000-7f8c5f4d9000 rw-p 00017000 08:07 936545                     /lib/x86_64-linux-gnu/libnsl-2.19.so
7f8c5f4d9000-7f8c5f4db000 rw-p 00000000 00:00 0 
7f8c5f4db000-7f8c5f4e4000 r-xp 00000000 08:07 936542                     /lib/x86_64-linux-gnu/libnss_compat-2.19.so
7f8c5f4e4000-7f8c5f6e3000 ---p 00009000 08:07 936542                     /lib/x86_64-linux-gnu/libnss_compat-2.19.so
7f8c5f6e3000-7f8c5f6e4000 r--p 00008000 08:07 936542                     /lib/x86_64-linux-gnu/libnss_compat-2.19.so
7f8c5f6e4000-7f8c5f6e5000 rw-p 00009000 08:07 936542                     /lib/x86_64-linux-gnu/libnss_compat-2.19.so
7f8c5f6e5000-7f8c5f70f000 r-xp 00000000 08:08 3493                       /home/xiaofen/Java/jdk1.8/jre/lib/amd64/libjava.so
7f8c5f70f000-7f8c5f90f000 ---p 0002a000 08:08 3493                       /home/xiaofen/Java/jdk1.8/jre/lib/amd64/libjava.so
7f8c5f90f000-7f8c5f911000 rw-p 0002a000 08:08 3493                       /home/xiaofen/Java/jdk1.8/jre/lib/amd64/libjava.so
7f8c5f911000-7f8c5f91e000 r-xp 00000000 08:08 3497                       /home/xiaofen/Java/jdk1.8/jre/lib/amd64/libverify.so
7f8c5f91e000-7f8c5fb1e000 ---p 0000d000 08:08 3497                       /home/xiaofen/Java/jdk1.8/jre/lib/amd64/libverify.so
7f8c5fb1e000-7f8c5fb20000 rw-p 0000d000 08:08 3497                       /home/xiaofen/Java/jdk1.8/jre/lib/amd64/libverify.so
7f8c5fb20000-7f8c5fb27000 r-xp 00000000 08:07 936561                     /lib/x86_64-linux-gnu/librt-2.19.so
7f8c5fb27000-7f8c5fd26000 ---p 00007000 08:07 936561                     /lib/x86_64-linux-gnu/librt-2.19.so
7f8c5fd26000-7f8c5fd27000 r--p 00006000 08:07 936561                     /lib/x86_64-linux-gnu/librt-2.19.so
7f8c5fd27000-7f8c5fd28000 rw-p 00007000 08:07 936561                     /lib/x86_64-linux-gnu/librt-2.19.so
7f8c5fd28000-7f8c5fe2d000 r-xp 00000000 08:07 936524                     /lib/x86_64-linux-gnu/libm-2.19.so
7f8c5fe2d000-7f8c6002c000 ---p 00105000 08:07 936524                     /lib/x86_64-linux-gnu/libm-2.19.so
7f8c6002c000-7f8c6002d000 r--p 00104000 08:07 936524                     /lib/x86_64-linux-gnu/libm-2.19.so
7f8c6002d000-7f8c6002e000 rw-p 00105000 08:07 936524                     /lib/x86_64-linux-gnu/libm-2.19.so
7f8c6002e000-7f8c60cee000 r-xp 00000000 08:08 3476                       /home/xiaofen/Java/jdk1.8/jre/lib/amd64/server/libjvm.so
7f8c60cee000-7f8c60eee000 ---p 00cc0000 08:08 3476                       /home/xiaofen/Java/jdk1.8/jre/lib/amd64/server/libjvm.so
7f8c60eee000-7f8c60fc6000 rw-p 00cc0000 08:08 3476                       /home/xiaofen/Java/jdk1.8/jre/lib/amd64/server/libjvm.so
7f8c60fc6000-7f8c61011000 rw-p 00000000 00:00 0 
7f8c61011000-7f8c611cc000 r-xp 00000000 08:07 936562                     /lib/x86_64-linux-gnu/libc-2.19.so
7f8c611cc000-7f8c613cb000 ---p 001bb000 08:07 936562                     /lib/x86_64-linux-gnu/libc-2.19.so
7f8c613cb000-7f8c613cf000 r--p 001ba000 08:07 936562                     /lib/x86_64-linux-gnu/libc-2.19.so
7f8c613cf000-7f8c613d1000 rw-p 001be000 08:07 936562                     /lib/x86_64-linux-gnu/libc-2.19.so
7f8c613d1000-7f8c613d6000 rw-p 00000000 00:00 0 
7f8c613d6000-7f8c613d9000 r-xp 00000000 08:07 936536                     /lib/x86_64-linux-gnu/libdl-2.19.so
7f8c613d9000-7f8c615d8000 ---p 00003000 08:07 936536                     /lib/x86_64-linux-gnu/libdl-2.19.so
7f8c615d8000-7f8c615d9000 r--p 00002000 08:07 936536                     /lib/x86_64-linux-gnu/libdl-2.19.so
7f8c615d9000-7f8c615da000 rw-p 00003000 08:07 936536                     /lib/x86_64-linux-gnu/libdl-2.19.so
7f8c615da000-7f8c615ef000 r-xp 00000000 08:08 1842257                    /home/xiaofen/Java/jdk1.8/lib/amd64/jli/libjli.so
7f8c615ef000-7f8c617ef000 ---p 00015000 08:08 1842257                    /home/xiaofen/Java/jdk1.8/lib/amd64/jli/libjli.so
7f8c617ef000-7f8c617f0000 rw-p 00015000 08:08 1842257                    /home/xiaofen/Java/jdk1.8/lib/amd64/jli/libjli.so
7f8c617f0000-7f8c61809000 r-xp 00000000 08:07 936546                     /lib/x86_64-linux-gnu/libpthread-2.19.so
7f8c61809000-7f8c61a08000 ---p 00019000 08:07 936546                     /lib/x86_64-linux-gnu/libpthread-2.19.so
7f8c61a08000-7f8c61a09000 r--p 00018000 08:07 936546                     /lib/x86_64-linux-gnu/libpthread-2.19.so
7f8c61a09000-7f8c61a0a000 rw-p 00019000 08:07 936546                     /lib/x86_64-linux-gnu/libpthread-2.19.so
7f8c61a0a000-7f8c61a0e000 rw-p 00000000 00:00 0 
7f8c61a0e000-7f8c61a31000 r-xp 00000000 08:07 936549                     /lib/x86_64-linux-gnu/ld-2.19.so
7f8c61b0c000-7f8c61b0f000 ---p 00000000 00:00 0 
7f8c61b0f000-7f8c61c11000 rw-p 00000000 00:00 0                          [stack:12668]
7f8c61c21000-7f8c61c24000 rw-p 00000000 00:00 0 
7f8c61c24000-7f8c61c2c000 rw-s 00000000 08:07 99                         /tmp/hsperfdata_xiaofen/12662
7f8c61c2c000-7f8c61c2d000 rw-p 00000000 00:00 0 
7f8c61c2d000-7f8c61c2e000 r--p 00000000 00:00 0 
7f8c61c2e000-7f8c61c30000 rw-p 00000000 00:00 0 
7f8c61c30000-7f8c61c31000 r--p 00022000 08:07 936549                     /lib/x86_64-linux-gnu/ld-2.19.so
7f8c61c31000-7f8c61c32000 rw-p 00023000 08:07 936549                     /lib/x86_64-linux-gnu/ld-2.19.so
7f8c61c32000-7f8c61c33000 rw-p 00000000 00:00 0 
7fffd204f000-7fffd2071000 rw-p 00000000 00:00 0                          [stack]
7fffd2170000-7fffd2172000 r-xp 00000000 00:00 0                          [vdso]
7fffd2172000-7fffd2174000 r--p 00000000 00:00 0                          [vvar]
ffffffffff600000-ffffffffff601000 r-xp 00000000 00:00 0                  [vsyscall]

VM Arguments:
jvm_args: -Djava.awt.headless=true -Xmx1024M -Dfile.encoding=UTF-8 -Duser.country=CN -Duser.language=zh -Duser.variant 
java_command: com.android.dx.command.Main --dex --force-jumbo --num-threads=4 --multi-dex --output /home/xiaofen/Android/AndroidStudioProjects/ZYES_2/animation_1/build/intermediates/transforms/dex/debug/folders/1000/5/slice_6 /home/xiaofen/Android/AndroidStudioProjects/ZYES_2/animation_1/build/intermediates/transforms/instantRunSlicer/debug/folders/1/5/slice_6
java_class_path (initial): /home/xiaofen/Android/Sdk/build-tools/24.0.0-preview/lib/dx.jar
Launcher Type: SUN_STANDARD

Environment Variables:
JAVA_HOME=/home/xiaofen/Java/jdk1.8
CLASSPATH=./../lib/bootstrap.jar:./../lib/extensions.jar:./../lib/util.jar:./../lib/jdom.jar:./../lib/log4j.jar:./../lib/trove4j.jar:./../lib/jna.jar:/home/xiaofen/Java/jdk1.8/lib/tools.jar
PATH=/home/xiaofen/Java/jdk1.8/bin:/home/xiaofen/Java/apache-maven339/bin:/usr/local/sbin:/usr/local/bin:/usr/sbin:/usr/bin:/sbin:/bin:/usr/games:/usr/local/games:$JAVA_HOME/bin
LD_LIBRARY_PATH=.:
SHELL=/bin/bash
DISPLAY=:0.0

Signal Handlers:
SIGSEGV: [libjvm.so+0xabca10], sa_mask[0]=11111111011111111101111111111110, sa_flags=SA_RESTART|SA_SIGINFO
SIGBUS: [libjvm.so+0xabca10], sa_mask[0]=11111111011111111101111111111110, sa_flags=SA_RESTART|SA_SIGINFO
SIGFPE: [libjvm.so+0x919a20], sa_mask[0]=11111111011111111101111111111110, sa_flags=SA_RESTART|SA_SIGINFO
SIGPIPE: [libjvm.so+0x919a20], sa_mask[0]=11111111011111111101111111111110, sa_flags=SA_RESTART|SA_SIGINFO
SIGXFSZ: [libjvm.so+0x919a20], sa_mask[0]=11111111011111111101111111111110, sa_flags=SA_RESTART|SA_SIGINFO
SIGILL: [libjvm.so+0x919a20], sa_mask[0]=11111111011111111101111111111110, sa_flags=SA_RESTART|SA_SIGINFO
SIGUSR1: SIG_DFL, sa_mask[0]=00000000000000000000000000000000, sa_flags=none
SIGUSR2: [libjvm.so+0x91b050], sa_mask[0]=00100000000000000000000000000000, sa_flags=SA_RESTART|SA_SIGINFO
SIGHUP: SIG_DFL, sa_mask[0]=00000000000000000000000000000000, sa_flags=none
SIGINT: SIG_DFL, sa_mask[0]=00000000000000000000000000000000, sa_flags=none
SIGTERM: SIG_DFL, sa_mask[0]=00000000000000000000000000000000, sa_flags=none
SIGQUIT: SIG_DFL, sa_mask[0]=00000000000000000000000000000000, sa_flags=none


---------------  S Y S T E M  ---------------

OS:DISTRIB_ID=Ubuntu
DISTRIB_RELEASE=14.04
DISTRIB_CODENAME=trusty
DISTRIB_DESCRIPTION="Ubuntu 14.04.4 LTS"

uname:Linux 3.16.0-70-generic #90~14.04.1-Ubuntu SMP Wed Apr 6 22:56:34 UTC 2016 x86_64
libc:glibc 2.19 NPTL 2.19 
rlimit: STACK 8192k, CORE 0k, NPROC 15501, NOFILE 4096, AS infinity
load average:29.29 12.66 7.23

/proc/meminfo:
MemTotal:        3989720 kB
MemFree:           88188 kB
MemAvailable:      26548 kB
Buffers:             124 kB
Cached:          1305228 kB
SwapCached:           24 kB
Active:          2469108 kB
Inactive:         921632 kB
Active(anon):    2465260 kB
Inactive(anon):   917844 kB
Active(file):       3848 kB
Inactive(file):     3788 kB
Unevictable:          32 kB
Mlocked:              32 kB
SwapTotal:        999420 kB
SwapFree:              0 kB
Dirty:                 4 kB
Writeback:             4 kB
AnonPages:       2085988 kB
Mapped:           324012 kB
Shmem:           1297124 kB
Slab:              77356 kB
SReclaimable:      38016 kB
SUnreclaim:        39340 kB
KernelStack:       12928 kB
PageTables:        48876 kB
NFS_Unstable:          0 kB
Bounce:                0 kB
WritebackTmp:          0 kB
CommitLimit:     2994280 kB
Committed_AS:    8670208 kB
VmallocTotal:   34359738367 kB
VmallocUsed:      362020 kB
VmallocChunk:   34359289368 kB
HardwareCorrupted:     0 kB
AnonHugePages:    690176 kB
HugePages_Total:       0
HugePages_Free:        0
HugePages_Rsvd:        0
HugePages_Surp:        0
Hugepagesize:       2048 kB
DirectMap4k:       80128 kB
DirectMap2M:     4057088 kB


CPU:total 4 (2 cores per cpu, 2 threads per core) family 6 model 42 stepping 7, cmov, cx8, fxsr, mmx, sse, sse2, sse3, ssse3, sse4.1, sse4.2, popcnt, avx, clmul, ht, tsc, tscinvbit

/proc/cpuinfo:
processor	: 0
vendor_id	: GenuineIntel
cpu family	: 6
model		: 42
model name	: Intel(R) Core(TM) i3-2350M CPU @ 2.30GHz
stepping	: 7
microcode	: 0x25
cpu MHz		: 2299.910
cache size	: 3072 KB
physical id	: 0
siblings	: 4
core id		: 0
cpu cores	: 2
apicid		: 0
initial apicid	: 0
fpu		: yes
fpu_exception	: yes
cpuid level	: 13
wp		: yes
flags		: fpu vme de pse tsc msr pae mce cx8 apic sep mtrr pge mca cmov pat pse36 clflush dts acpi mmx fxsr sse sse2 ss ht tm pbe syscall nx rdtscp lm constant_tsc arch_perfmon pebs bts rep_good nopl xtopology nonstop_tsc aperfmperf eagerfpu pni pclmulqdq dtes64 monitor ds_cpl vmx est tm2 ssse3 cx16 xtpr pdcm pcid sse4_1 sse4_2 x2apic popcnt tsc_deadline_timer xsave avx lahf_lm arat epb xsaveopt pln pts dtherm tpr_shadow vnmi flexpriority ept vpid
bogomips	: 4589.76
clflush size	: 64
cache_alignment	: 64
address sizes	: 36 bits physical, 48 bits virtual
power management:

processor	: 1
vendor_id	: GenuineIntel
cpu family	: 6
model		: 42
model name	: Intel(R) Core(TM) i3-2350M CPU @ 2.30GHz
stepping	: 7
microcode	: 0x25
cpu MHz		: 2300.089
cache size	: 3072 KB
physical id	: 0
siblings	: 4
core id		: 0
cpu cores	: 2
apicid		: 1
initial apicid	: 1
fpu		: yes
fpu_exception	: yes
cpuid level	: 13
wp		: yes
flags		: fpu vme de pse tsc msr pae mce cx8 apic sep mtrr pge mca cmov pat pse36 clflush dts acpi mmx fxsr sse sse2 ss ht tm pbe syscall nx rdtscp lm constant_tsc arch_perfmon pebs bts rep_good nopl xtopology nonstop_tsc aperfmperf eagerfpu pni pclmulqdq dtes64 monitor ds_cpl vmx est tm2 ssse3 cx16 xtpr pdcm pcid sse4_1 sse4_2 x2apic popcnt tsc_deadline_timer xsave avx lahf_lm arat epb xsaveopt pln pts dtherm tpr_shadow vnmi flexpriority ept vpid
bogomips	: 4589.76
clflush size	: 64
cache_alignment	: 64
address sizes	: 36 bits physical, 48 bits virtual
power management:

processor	: 2
vendor_id	: GenuineIntel
cpu family	: 6
model		: 42
model name	: Intel(R) Core(TM) i3-2350M CPU @ 2.30GHz
stepping	: 7
microcode	: 0x25
cpu MHz		: 2300.000
cache size	: 3072 KB
physical id	: 0
siblings	: 4
core id		: 1
cpu cores	: 2
apicid		: 2
initial apicid	: 2
fpu		: yes
fpu_exception	: yes
cpuid level	: 13
wp		: yes
flags		: fpu vme de pse tsc msr pae mce cx8 apic sep mtrr pge mca cmov pat pse36 clflush dts acpi mmx fxsr sse sse2 ss ht tm pbe syscall nx rdtscp lm constant_tsc arch_perfmon pebs bts rep_good nopl xtopology nonstop_tsc aperfmperf eagerfpu pni pclmulqdq dtes64 monitor ds_cpl vmx est tm2 ssse3 cx16 xtpr pdcm pcid sse4_1 sse4_2 x2apic popcnt tsc_deadline_timer xsave avx lahf_lm arat epb xsaveopt pln pts dtherm tpr_shadow vnmi flexpriority ept vpid
bogomips	: 4589.76
clflush size	: 64
cache_alignment	: 64
address sizes	: 36 bits physical, 48 bits virtual
power management:

processor	: 3
vendor_id	: GenuineIntel
cpu family	: 6
model		: 42
model name	: Intel(R) Core(TM) i3-2350M CPU @ 2.30GHz
stepping	: 7
microcode	: 0x25
cpu MHz		: 2300.000
cache size	: 3072 KB
physical id	: 0
siblings	: 4
core id		: 1
cpu cores	: 2
apicid		: 3
initial apicid	: 3
fpu		: yes
fpu_exception	: yes
cpuid level	: 13
wp		: yes
flags		: fpu vme de pse tsc msr pae mce cx8 apic sep mtrr pge mca cmov pat pse36 clflush dts acpi mmx fxsr sse sse2 ss ht tm pbe syscall nx rdtscp lm constant_tsc arch_perfmon pebs bts rep_good nopl xtopology nonstop_tsc aperfmperf eagerfpu pni pclmulqdq dtes64 monitor ds_cpl vmx est tm2 ssse3 cx16 xtpr pdcm pcid sse4_1 sse4_2 x2apic popcnt tsc_deadline_timer xsave avx lahf_lm arat epb xsaveopt pln pts dtherm tpr_shadow vnmi flexpriority ept vpid
bogomips	: 4589.76
clflush size	: 64
cache_alignment	: 64
address sizes	: 36 bits physical, 48 bits virtual
power management:



Memory: 4k page, physical 3989720k(88408k free), swap 999420k(0k free)

vm_info: Java HotSpot(TM) 64-Bit Server VM (25.91-b14) for linux-amd64 JRE (1.8.0_91-b14), built on Apr  1 2016 00:57:21 by "java_re" with gcc 4.3.0 20080428 (Red Hat 4.3.0-8)

time: Wed Apr 27 21:17:38 2016
elapsed time: 30 seconds (0d 0h 0m 30s)

