#
# There is insufficient memory for the Java Runtime Environment to continue.
# Native memory allocation (mmap) failed to map 144703488 bytes for committing reserved memory.
# Possible reasons:
#   The system is out of physical RAM or swap space
#   In 32 bit mode, the process size limit was hit
# Possible solutions:
#   Reduce memory load on the system
#   Increase physical memory or swap space
#   Check if swap backing store is full
#   Use 64 bit Java on a 64 bit OS
#   Decrease Java heap size (-Xmx/-Xms)
#   Decrease number of Java threads
#   Decrease Java thread stack sizes (-Xss)
#   Set larger code cache with -XX:ReservedCodeCacheSize=
# This output file may be truncated or incomplete.
#
#  Out of Memory Error (os_linux.cpp:2627), pid=10967, tid=140475315545856
#
# JRE version: Java(TM) SE Runtime Environment (8.0_91-b14) (build 1.8.0_91-b14)
# Java VM: Java HotSpot(TM) 64-Bit Server VM (25.91-b14 mixed mode linux-amd64 compressed oops)
# Failed to write core dump. Core dumps have been disabled. To enable core dumping, try "ulimit -c unlimited" before starting Java again
#

---------------  T H R E A D  ---------------

Current thread (0x00007fc308078000):  VMThread [stack: 0x00007fc2f5386000,0x00007fc2f5487000] [id=10991]

Stack: [0x00007fc2f5386000,0x00007fc2f5487000],  sp=0x00007fc2f5485160,  free space=1020k
Native frames: (J=compiled Java code, j=interpreted, Vv=VM code, C=native code)
V  [libjvm.so+0xabc18a]  VMError::report_and_die()+0x2ba
V  [libjvm.so+0x4fafeb]  report_vm_out_of_memory(char const*, int, unsigned long, VMErrorType, char const*)+0x8b
V  [libjvm.so+0x91cbb3]  os::Linux::commit_memory_impl(char*, unsigned long, bool)+0x103
V  [libjvm.so+0x91d109]  os::pd_commit_memory(char*, unsigned long, unsigned long, bool)+0x29
V  [libjvm.so+0x91740a]  os::commit_memory(char*, unsigned long, unsigned long, bool)+0x2a
V  [libjvm.so+0x98b033]  PSVirtualSpace::expand_by(unsigned long)+0x53
V  [libjvm.so+0x98c438]  PSYoungGen::resize_generation(unsigned long, unsigned long)+0xf8
V  [libjvm.so+0x98b592]  PSYoungGen::resize(unsigned long, unsigned long)+0x22
V  [libjvm.so+0x98886b]  PSScavenge::invoke_no_policy()+0xf3b
V  [libjvm.so+0x988ff1]  PSScavenge::invoke()+0x41
V  [libjvm.so+0x9408b0]  ParallelScavengeHeap::failed_mem_allocate(unsigned long)+0x70
V  [libjvm.so+0xabdba7]  VM_ParallelGCFailedAllocation::doit()+0x97
V  [libjvm.so+0xac55d5]  VM_Operation::evaluate()+0x55
V  [libjvm.so+0xac39aa]  VMThread::evaluate_operation(VM_Operation*)+0xba
V  [libjvm.so+0xac3d2e]  VMThread::loop()+0x1ce
V  [libjvm.so+0xac41a0]  VMThread::run()+0x70
V  [libjvm.so+0x91ef78]  java_start(Thread*)+0x108

VM_Operation (0x00007fc30fb34ef0): ParallelGCFailedAllocation, mode: safepoint, requested by thread 0x00007fc30800a000


---------------  P R O C E S S  ---------------

Java Threads: ( => current thread )
  0x00007fc3080c0000 JavaThread "Service Thread" daemon [_thread_blocked, id=11010, stack(0x00007fc2f459d000,0x00007fc2f469e000)]
  0x00007fc3080bd000 JavaThread "C1 CompilerThread2" daemon [_thread_blocked, id=11009, stack(0x00007fc2f469e000,0x00007fc2f479f000)]
  0x00007fc3080bb800 JavaThread "C2 CompilerThread1" daemon [_thread_blocked, id=11007, stack(0x00007fc2f479f000,0x00007fc2f48a0000)]
  0x00007fc3080b8800 JavaThread "C2 CompilerThread0" daemon [_thread_blocked, id=11006, stack(0x00007fc2f48a0000,0x00007fc2f49a1000)]
  0x00007fc3080b7000 JavaThread "Signal Dispatcher" daemon [_thread_blocked, id=11005, stack(0x00007fc2f49a1000,0x00007fc2f4aa2000)]
  0x00007fc308084000 JavaThread "Finalizer" daemon [_thread_blocked, id=10999, stack(0x00007fc2f5184000,0x00007fc2f5285000)]
  0x00007fc30807f800 JavaThread "Reference Handler" daemon [_thread_blocked, id=10995, stack(0x00007fc2f5285000,0x00007fc2f5386000)]
  0x00007fc30800a000 JavaThread "main" [_thread_blocked, id=10971, stack(0x00007fc30fa36000,0x00007fc30fb37000)]

Other Threads:
=>0x00007fc308078000 VMThread [stack: 0x00007fc2f5386000,0x00007fc2f5487000] [id=10991]
  0x00007fc3080c3000 WatcherThread [stack: 0x00007fc2f449c000,0x00007fc2f459d000] [id=11016]

VM state:at safepoint (normal execution)

VM Mutex/Monitor currently owned by a thread:  ([mutex/lock_event])
[0x00007fc308006600] Threads_lock - owner thread: 0x00007fc308078000
[0x00007fc308006b00] Heap_lock - owner thread: 0x00007fc30800a000

Heap:
 PSYoungGen      total 139776K, used 14305K [0x00000000eab00000, 0x00000000f4300000, 0x0000000100000000)
  eden space 125440K, 0% used [0x00000000eab00000,0x00000000eab00000,0x00000000f2580000)
  from space 14336K, 99% used [0x00000000f2580000,0x00000000f33787f0,0x00000000f3380000)
  to   space 12800K, 0% used [0x00000000f3380000,0x00000000f3380000,0x00000000f4000000)
 ParOldGen       total 42496K, used 34519K [0x00000000c0000000, 0x00000000c2980000, 0x00000000eab00000)
  object space 42496K, 81% used [0x00000000c0000000,0x00000000c21b5d10,0x00000000c2980000)
 Metaspace       used 6582K, capacity 7416K, committed 7680K, reserved 1056768K
  class space    used 632K, capacity 688K, committed 768K, reserved 1048576K

Card table byte_map: [0x00007fc30c5f7000,0x00007fc30c7f8000] byte_map_base: 0x00007fc30bff7000

Marking Bits: (ParMarkBitMap*) 0x00007fc30ef0ed60
 Begin Bits: [0x00007fc2f7000000, 0x00007fc2f8000000)
 End Bits:   [0x00007fc2f8000000, 0x00007fc2f9000000)

Polling page: 0x00007fc30fb57000

CodeCache: size=245760Kb used=7483Kb max_used=7493Kb free=238276Kb
 bounds [0x00007fc2f9000000, 0x00007fc2f9760000, 0x00007fc308000000]
 total_blobs=2263 nmethods=1995 adapters=182
 compilation: enabled

Compilation events (10 events):
Event: 23.908 Thread 0x00007fc3080bd000 2453       2       com.android.dx.dex.file.OffsettedItem::setWriteSize (37 bytes)
Event: 23.909 Thread 0x00007fc3080bd000 nmethod 2453 0x00007fc2f9750ad0 code [0x00007fc2f9750c60, 0x00007fc2f9750f18]
Event: 23.909 Thread 0x00007fc3080bd000 2452       2       com.android.dx.dex.code.OutputFinisher::finishProcessingAndGetList (74 bytes)
Event: 23.909 Thread 0x00007fc3080bd000 nmethod 2452 0x00007fc2f9751090 code [0x00007fc2f9751260, 0x00007fc2f97515d8]
Event: 23.909 Thread 0x00007fc3080bd000 2449       2       com.android.dx.dex.code.form.Form10x::isCompatible (23 bytes)
Event: 23.910 Thread 0x00007fc3080bd000 nmethod 2449 0x00007fc2f9751850 code [0x00007fc2f97519c0, 0x00007fc2f9751b90]
Event: 23.917 Thread 0x00007fc3080b8800 nmethod 1532 0x00007fc2f9754f90 code [0x00007fc2f9755140, 0x00007fc2f97557f8]
Event: 23.917 Thread 0x00007fc3080b8800 1760       4       com.android.dx.ssa.back.LivenessAnalyzer::run (231 bytes)
Event: 23.940 Thread 0x00007fc3080bd000 2454       2       com.android.dx.dex.code.form.Form21c::isCompatible (150 bytes)
Event: 23.942 Thread 0x00007fc3080bd000 nmethod 2454 0x00007fc2f9754550 code [0x00007fc2f9754700, 0x00007fc2f9754bf8]

GC Heap History (10 events):
Event: 3.083 GC heap after
Heap after GC invocations=2 (full 0):
 PSYoungGen      total 34304K, used 2559K [0x00000000eab00000, 0x00000000ecf00000, 0x0000000100000000)
  eden space 31744K, 0% used [0x00000000eab00000,0x00000000eab00000,0x00000000eca00000)
  from space 2560K, 99% used [0x00000000ecc80000,0x00000000eceffd78,0x00000000ecf00000)
  to   space 2560K, 0% used [0x00000000eca00000,0x00000000eca00000,0x00000000ecc80000)
 ParOldGen       total 42496K, used 3086K [0x00000000c0000000, 0x00000000c2980000, 0x00000000eab00000)
  object space 42496K, 7% used [0x00000000c0000000,0x00000000c0303950,0x00000000c2980000)
 Metaspace       used 5813K, capacity 6768K, committed 7040K, reserved 1056768K
  class space    used 593K, capacity 616K, committed 640K, reserved 1048576K
}
Event: 4.365 GC heap before
{Heap before GC invocations=3 (full 0):
 PSYoungGen      total 34304K, used 34303K [0x00000000eab00000, 0x00000000ecf00000, 0x0000000100000000)
  eden space 31744K, 100% used [0x00000000eab00000,0x00000000eca00000,0x00000000eca00000)
  from space 2560K, 99% used [0x00000000ecc80000,0x00000000eceffd78,0x00000000ecf00000)
  to   space 2560K, 0% used [0x00000000eca00000,0x00000000eca00000,0x00000000ecc80000)
 ParOldGen       total 42496K, used 3086K [0x00000000c0000000, 0x00000000c2980000, 0x00000000eab00000)
  object space 42496K, 7% used [0x00000000c0000000,0x00000000c0303950,0x00000000c2980000)
 Metaspace       used 5907K, capacity 6896K, committed 7040K, reserved 1056768K
  class space    used 593K, capacity 616K, committed 640K, reserved 1048576K
Event: 4.395 GC heap after
Heap after GC invocations=3 (full 0):
 PSYoungGen      total 34304K, used 2550K [0x00000000eab00000, 0x00000000eee00000, 0x0000000100000000)
  eden space 31744K, 0% used [0x00000000eab00000,0x00000000eab00000,0x00000000eca00000)
  from space 2560K, 99% used [0x00000000eca00000,0x00000000ecc7dab8,0x00000000ecc80000)
  to   space 2560K, 0% used [0x00000000eeb80000,0x00000000eeb80000,0x00000000eee00000)
 ParOldGen       total 42496K, used 7307K [0x00000000c0000000, 0x00000000c2980000, 0x00000000eab00000)
  object space 42496K, 17% used [0x00000000c0000000,0x00000000c0722d98,0x00000000c2980000)
 Metaspace       used 5907K, capacity 6896K, committed 7040K, reserved 1056768K
  class space    used 593K, capacity 616K, committed 640K, reserved 1048576K
}
Event: 6.283 GC heap before
{Heap before GC invocations=4 (full 0):
 PSYoungGen      total 34304K, used 34294K [0x00000000eab00000, 0x00000000eee00000, 0x0000000100000000)
  eden space 31744K, 100% used [0x00000000eab00000,0x00000000eca00000,0x00000000eca00000)
  from space 2560K, 99% used [0x00000000eca00000,0x00000000ecc7dab8,0x00000000ecc80000)
  to   space 2560K, 0% used [0x00000000eeb80000,0x00000000eeb80000,0x00000000eee00000)
 ParOldGen       total 42496K, used 7307K [0x00000000c0000000, 0x00000000c2980000, 0x00000000eab00000)
  object space 42496K, 17% used [0x00000000c0000000,0x00000000c0722d98,0x00000000c2980000)
 Metaspace       used 5941K, capacity 6896K, committed 7040K, reserved 1056768K
  class space    used 593K, capacity 616K, committed 640K, reserved 1048576K
Event: 6.402 GC heap after
Heap after GC invocations=4 (full 0):
 PSYoungGen      total 66048K, used 2532K [0x00000000eab00000, 0x00000000eee00000, 0x0000000100000000)
  eden space 63488K, 0% used [0x00000000eab00000,0x00000000eab00000,0x00000000ee900000)
  from space 2560K, 98% used [0x00000000eeb80000,0x00000000eedf9340,0x00000000eee00000)
  to   space 2560K, 0% used [0x00000000ee900000,0x00000000ee900000,0x00000000eeb80000)
 ParOldGen       total 42496K, used 12334K [0x00000000c0000000, 0x00000000c2980000, 0x00000000eab00000)
  object space 42496K, 29% used [0x00000000c0000000,0x00000000c0c0bb68,0x00000000c2980000)
 Metaspace       used 5941K, capacity 6896K, committed 7040K, reserved 1056768K
  class space    used 593K, capacity 616K, committed 640K, reserved 1048576K
}
Event: 13.282 GC heap before
{Heap before GC invocations=5 (full 0):
 PSYoungGen      total 66048K, used 66020K [0x00000000eab00000, 0x00000000eee00000, 0x0000000100000000)
  eden space 63488K, 100% used [0x00000000eab00000,0x00000000ee900000,0x00000000ee900000)
  from space 2560K, 98% used [0x00000000eeb80000,0x00000000eedf9340,0x00000000eee00000)
  to   space 2560K, 0% used [0x00000000ee900000,0x00000000ee900000,0x00000000eeb80000)
 ParOldGen       total 42496K, used 12334K [0x00000000c0000000, 0x00000000c2980000, 0x00000000eab00000)
  object space 42496K, 29% used [0x00000000c0000000,0x00000000c0c0bb68,0x00000000c2980000)
 Metaspace       used 5962K, capacity 6896K, committed 7040K, reserved 1056768K
  class space    used 594K, capacity 616K, committed 640K, reserved 1048576K
Event: 13.601 GC heap after
Heap after GC invocations=5 (full 0):
 PSYoungGen      total 66048K, used 2530K [0x00000000eab00000, 0x00000000f4000000, 0x0000000100000000)
  eden space 63488K, 0% used [0x00000000eab00000,0x00000000eab00000,0x00000000ee900000)
  from space 2560K, 98% used [0x00000000ee900000,0x00000000eeb78b50,0x00000000eeb80000)
  to   space 12800K, 0% used [0x00000000f3380000,0x00000000f3380000,0x00000000f4000000)
 ParOldGen       total 42496K, used 21570K [0x00000000c0000000, 0x00000000c2980000, 0x00000000eab00000)
  object space 42496K, 50% used [0x00000000c0000000,0x00000000c15108f8,0x00000000c2980000)
 Metaspace       used 5962K, capacity 6896K, committed 7040K, reserved 1056768K
  class space    used 594K, capacity 616K, committed 640K, reserved 1048576K
}
Event: 15.736 GC heap before
{Heap before GC invocations=6 (full 0):
 PSYoungGen      total 66048K, used 66018K [0x00000000eab00000, 0x00000000f4000000, 0x0000000100000000)
  eden space 63488K, 100% used [0x00000000eab00000,0x00000000ee900000,0x00000000ee900000)
  from space 2560K, 98% used [0x00000000ee900000,0x00000000eeb78b50,0x00000000eeb80000)
  to   space 12800K, 0% used [0x00000000f3380000,0x00000000f3380000,0x00000000f4000000)
 ParOldGen       total 42496K, used 21570K [0x00000000c0000000, 0x00000000c2980000, 0x00000000eab00000)
  object space 42496K, 50% used [0x00000000c0000000,0x00000000c15108f8,0x00000000c2980000)
 Metaspace       used 6083K, capacity 7000K, committed 7168K, reserved 1056768K
  class space    used 614K, capacity 656K, committed 768K, reserved 1048576K
Event: 15.976 GC heap after
Heap after GC invocations=6 (full 0):
 PSYoungGen      total 138240K, used 11102K [0x00000000eab00000, 0x00000000f4300000, 0x0000000100000000)
  eden space 125440K, 0% used [0x00000000eab00000,0x00000000eab00000,0x00000000f2580000)
  from space 12800K, 86% used [0x00000000f3380000,0x00000000f3e57a98,0x00000000f4000000)
  to   space 14336K, 0% used [0x00000000f2580000,0x00000000f2580000,0x00000000f3380000)
 ParOldGen       total 42496K, used 21570K [0x00000000c0000000, 0x00000000c2980000, 0x00000000eab00000)
  object space 42496K, 50% used [0x00000000c0000000,0x00000000c15108f8,0x00000000c2980000)
 Metaspace       used 6083K, capacity 7000K, committed 7168K, reserved 1056768K
  class space    used 614K, capacity 656K, committed 768K, reserved 1048576K
}
Event: 23.991 GC heap before
{Heap before GC invocations=7 (full 0):
 PSYoungGen      total 138240K, used 136542K [0x00000000eab00000, 0x00000000f4300000, 0x0000000100000000)
  eden space 125440K, 100% used [0x00000000eab00000,0x00000000f2580000,0x00000000f2580000)
  from space 12800K, 86% used [0x00000000f3380000,0x00000000f3e57a98,0x00000000f4000000)
  to   space 14336K, 0% used [0x00000000f2580000,0x00000000f2580000,0x00000000f3380000)
 ParOldGen       total 42496K, used 21570K [0x00000000c0000000, 0x00000000c2980000, 0x00000000eab00000)
  object space 42496K, 50% used [0x00000000c0000000,0x00000000c15108f8,0x00000000c2980000)
 Metaspace       used 6582K, capacity 7416K, committed 7680K, reserved 1056768K
  class space    used 632K, capacity 688K, committed 768K, reserved 1048576K

Deoptimization events (10 events):
Event: 20.907 Thread 0x00007fc30800a000 Uncommon trap: reason=class_check action=maybe_recompile pc=0x00007fc2f93c2228 method=java.util.Arrays.hashCode([Ljava/lang/Object;)I @ 43
Event: 20.907 Thread 0x00007fc30800a000 Uncommon trap: reason=class_check action=maybe_recompile pc=0x00007fc2f93c2228 method=java.util.Arrays.hashCode([Ljava/lang/Object;)I @ 43
Event: 20.908 Thread 0x00007fc30800a000 Uncommon trap: reason=class_check action=maybe_recompile pc=0x00007fc2f93c2228 method=java.util.Arrays.hashCode([Ljava/lang/Object;)I @ 43
Event: 20.908 Thread 0x00007fc30800a000 Uncommon trap: reason=class_check action=maybe_recompile pc=0x00007fc2f93c2228 method=java.util.Arrays.hashCode([Ljava/lang/Object;)I @ 43
Event: 22.960 Thread 0x00007fc30800a000 Uncommon trap: reason=speculate_class_check action=maybe_recompile pc=0x00007fc2f93017a8 method=com.android.dx.util.FixedSizeList.equals(Ljava/lang/Object;)Z @ 25
Event: 22.960 Thread 0x00007fc30800a000 Uncommon trap: reason=unstable_if action=reinterpret pc=0x00007fc2f92ee7c8 method=java.util.Arrays.equals([Ljava/lang/Object;[Ljava/lang/Object;)Z @ 23
Event: 23.166 Thread 0x00007fc30800a000 Uncommon trap: reason=speculate_class_check action=maybe_recompile pc=0x00007fc2f93017a8 method=com.android.dx.util.FixedSizeList.equals(Ljava/lang/Object;)Z @ 25
Event: 23.166 Thread 0x00007fc30800a000 Uncommon trap: reason=speculate_class_check action=maybe_recompile pc=0x00007fc2f93017a8 method=com.android.dx.util.FixedSizeList.equals(Ljava/lang/Object;)Z @ 25
Event: 23.166 Thread 0x00007fc30800a000 Uncommon trap: reason=speculate_class_check action=maybe_recompile pc=0x00007fc2f93017a8 method=com.android.dx.util.FixedSizeList.equals(Ljava/lang/Object;)Z @ 25
Event: 23.679 Thread 0x00007fc30800a000 Uncommon trap: reason=unstable_if action=reinterpret pc=0x00007fc2f97045dc method=java.util.TreeMap.put(Ljava/lang/Object;Ljava/lang/Object;)Ljava/lang/Object; @ 163

Internal exceptions (6 events):
Event: 0.082 Thread 0x00007fc30800a000 Exception <a 'java/lang/NoSuchMethodError': Method sun.misc.Unsafe.defineClass(Ljava/lang/String;[BII)Ljava/lang/Class; name or signature does not match> (0x00000000eab07cc0) thrown at [/HUDSON/workspace/8-2-build-linux-amd64/jdk8u91/6644/hotspot/src/shar
Event: 0.082 Thread 0x00007fc30800a000 Exception <a 'java/lang/NoSuchMethodError': Method sun.misc.Unsafe.prefetchRead(Ljava/lang/Object;J)V name or signature does not match> (0x00000000eab07fa8) thrown at [/HUDSON/workspace/8-2-build-linux-amd64/jdk8u91/6644/hotspot/src/share/vm/prims/jni.cpp
Event: 3.282 Thread 0x00007fc30800a000 Implicit null exception at 0x00007fc2f92d07e9 to 0x00007fc2f92d36a9
Event: 14.179 Thread 0x00007fc30815d800 Exception <a 'java/lang/ArrayIndexOutOfBoundsException': 18> (0x00000000ebabd0e8) thrown at [/HUDSON/workspace/8-2-build-linux-amd64/jdk8u91/6644/hotspot/src/share/vm/interpreter/interpreterRuntime.cpp, line 366]
Event: 14.180 Thread 0x00007fc30815d800 Exception <a 'java/lang/ArrayIndexOutOfBoundsException': 145> (0x00000000ebabec68) thrown at [/HUDSON/workspace/8-2-build-linux-amd64/jdk8u91/6644/hotspot/src/share/vm/interpreter/interpreterRuntime.cpp, line 366]
Event: 14.190 Thread 0x00007fc30815d800 Exception <a 'java/lang/ArrayIndexOutOfBoundsException': 40> (0x00000000ebabff50) thrown at [/HUDSON/workspace/8-2-build-linux-amd64/jdk8u91/6644/hotspot/src/share/vm/interpreter/interpreterRuntime.cpp, line 366]

Events (10 events):
Event: 23.677 Thread 0x00007fc30800a000 DEOPT PACKING pc=0x00007fc2f9706cb9 sp=0x00007fc30fb35190
Event: 23.677 Thread 0x00007fc30800a000 DEOPT UNPACKING pc=0x00007fc2f9047633 sp=0x00007fc30fb34f38 mode 0
Event: 23.679 Thread 0x00007fc30800a000 Uncommon trap: trap_request=0xffffff65 fr.pc=0x00007fc2f97045dc
Event: 23.679 Thread 0x00007fc30800a000 DEOPT PACKING pc=0x00007fc2f97045dc sp=0x00007fc30fb35370
Event: 23.679 Thread 0x00007fc30800a000 DEOPT UNPACKING pc=0x00007fc2f9005229 sp=0x00007fc30fb35330 mode 2
Event: 23.718 Thread 0x00007fc30800a000 DEOPT PACKING pc=0x00007fc2f96e4b40 sp=0x00007fc30fb35120
Event: 23.718 Thread 0x00007fc30800a000 DEOPT UNPACKING pc=0x00007fc2f9047633 sp=0x00007fc30fb34ec0 mode 0
Event: 23.858 Thread 0x00007fc30800a000 DEOPT PACKING pc=0x00007fc2f9705e00 sp=0x00007fc30fb35260
Event: 23.858 Thread 0x00007fc30800a000 DEOPT UNPACKING pc=0x00007fc2f9047633 sp=0x00007fc30fb34fe0 mode 0
Event: 23.991 Executing VM operation: ParallelGCFailedAllocation


Dynamic libraries:
00400000-00401000 r-xp 00000000 08:08 1841410                            /home/xiaofen/Java/jdk1.8/bin/java
00600000-00601000 rw-p 00000000 08:08 1841410                            /home/xiaofen/Java/jdk1.8/bin/java
010c5000-010e6000 rw-p 00000000 00:00 0                                  [heap]
c0000000-c2980000 rw-p 00000000 00:00 0 
c2980000-eab00000 ---p 00000000 00:00 0 
eab00000-f4300000 rw-p 00000000 00:00 0 
fcd00000-100000000 ---p 00000000 00:00 0 
100000000-1000c0000 rw-p 00000000 00:00 0 
1000c0000-140000000 ---p 00000000 00:00 0 
7fc2a4000000-7fc2a4021000 rw-p 00000000 00:00 0 
7fc2a4021000-7fc2a8000000 ---p 00000000 00:00 0 
7fc2ac000000-7fc2ac024000 rw-p 00000000 00:00 0 
7fc2ac024000-7fc2b0000000 ---p 00000000 00:00 0 
7fc2b0000000-7fc2b0025000 rw-p 00000000 00:00 0 
7fc2b0025000-7fc2b4000000 ---p 00000000 00:00 0 
7fc2b7eff000-7fc2b7f02000 ---p 00000000 00:00 0 
7fc2b7f02000-7fc2b8000000 rw-p 00000000 00:00 0 
7fc2b8000000-7fc2b8043000 rw-p 00000000 00:00 0 
7fc2b8043000-7fc2bc000000 ---p 00000000 00:00 0 
7fc2bc000000-7fc2bc021000 rw-p 00000000 00:00 0 
7fc2bc021000-7fc2c0000000 ---p 00000000 00:00 0 
7fc2c0000000-7fc2c0021000 rw-p 00000000 00:00 0 
7fc2c0021000-7fc2c4000000 ---p 00000000 00:00 0 
7fc2c4000000-7fc2c4021000 rw-p 00000000 00:00 0 
7fc2c4021000-7fc2c8000000 ---p 00000000 00:00 0 
7fc2c8000000-7fc2c92d9000 rw-p 00000000 00:00 0 
7fc2c92d9000-7fc2cc000000 ---p 00000000 00:00 0 
7fc2cc000000-7fc2ccd58000 rw-p 00000000 00:00 0 
7fc2ccd58000-7fc2d0000000 ---p 00000000 00:00 0 
7fc2d0000000-7fc2d0021000 rw-p 00000000 00:00 0 
7fc2d0021000-7fc2d4000000 ---p 00000000 00:00 0 
7fc2d4000000-7fc2d52a2000 rw-p 00000000 00:00 0 
7fc2d52a2000-7fc2d8000000 ---p 00000000 00:00 0 
7fc2d8000000-7fc2d8021000 rw-p 00000000 00:00 0 
7fc2d8021000-7fc2dc000000 ---p 00000000 00:00 0 
7fc2dc000000-7fc2dc021000 rw-p 00000000 00:00 0 
7fc2dc021000-7fc2e0000000 ---p 00000000 00:00 0 
7fc2e0000000-7fc2e0021000 rw-p 00000000 00:00 0 
7fc2e0021000-7fc2e4000000 ---p 00000000 00:00 0 
7fc2e4000000-7fc2e428c000 rw-p 00000000 00:00 0 
7fc2e428c000-7fc2e8000000 ---p 00000000 00:00 0 
7fc2e8000000-7fc2e8021000 rw-p 00000000 00:00 0 
7fc2e8021000-7fc2ec000000 ---p 00000000 00:00 0 
7fc2ec000000-7fc2ec021000 rw-p 00000000 00:00 0 
7fc2ec021000-7fc2f0000000 ---p 00000000 00:00 0 
7fc2f0000000-7fc2f0021000 rw-p 00000000 00:00 0 
7fc2f0021000-7fc2f4000000 ---p 00000000 00:00 0 
7fc2f407a000-7fc2f408e000 r--p 00000000 08:07 403657                     /usr/share/locale-langpack/zh_CN/LC_MESSAGES/libc.mo
7fc2f408e000-7fc2f4091000 ---p 00000000 00:00 0 
7fc2f4091000-7fc2f418f000 rw-p 00000000 00:00 0 
7fc2f418f000-7fc2f4192000 ---p 00000000 00:00 0 
7fc2f4192000-7fc2f4290000 rw-p 00000000 00:00 0 
7fc2f4290000-7fc2f4293000 ---p 00000000 00:00 0 
7fc2f4293000-7fc2f4391000 rw-p 00000000 00:00 0 
7fc2f4391000-7fc2f4394000 ---p 00000000 00:00 0 
7fc2f4394000-7fc2f4492000 rw-p 00000000 00:00 0 
7fc2f4495000-7fc2f449c000 r--s 00000000 08:07 413914                     /usr/lib/x86_64-linux-gnu/gconv/gconv-modules.cache
7fc2f449c000-7fc2f449d000 ---p 00000000 00:00 0 
7fc2f449d000-7fc2f459d000 rw-p 00000000 00:00 0                          [stack:11016]
7fc2f459d000-7fc2f45a0000 ---p 00000000 00:00 0 
7fc2f45a0000-7fc2f469e000 rw-p 00000000 00:00 0                          [stack:11010]
7fc2f469e000-7fc2f46a1000 ---p 00000000 00:00 0 
7fc2f46a1000-7fc2f479f000 rw-p 00000000 00:00 0                          [stack:11009]
7fc2f479f000-7fc2f47a2000 ---p 00000000 00:00 0 
7fc2f47a2000-7fc2f48a0000 rw-p 00000000 00:00 0                          [stack:11007]
7fc2f48a0000-7fc2f48a3000 ---p 00000000 00:00 0 
7fc2f48a3000-7fc2f49a1000 rw-p 00000000 00:00 0                          [stack:11006]
7fc2f49a1000-7fc2f49a4000 ---p 00000000 00:00 0 
7fc2f49a4000-7fc2f4aa2000 rw-p 00000000 00:00 0                          [stack:11005]
7fc2f4aa2000-7fc2f5184000 r--p 00000000 08:07 139093                     /usr/lib/locale/locale-archive
7fc2f5184000-7fc2f5187000 ---p 00000000 00:00 0 
7fc2f5187000-7fc2f5285000 rw-p 00000000 00:00 0                          [stack:10999]
7fc2f5285000-7fc2f5288000 ---p 00000000 00:00 0 
7fc2f5288000-7fc2f5386000 rw-p 00000000 00:00 0                          [stack:10995]
7fc2f5386000-7fc2f5387000 ---p 00000000 00:00 0 
7fc2f5387000-7fc2f6427000 rw-p 00000000 00:00 0                          [stack:10991]
7fc2f6427000-7fc2f6600000 r--s 03d1f000 08:08 3296                       /home/xiaofen/Java/jdk1.8/jre/lib/rt.jar
7fc2f6600000-7fc2f6cc0000 rw-p 00000000 00:00 0 
7fc2f6cc0000-7fc2f6e00000 ---p 00000000 00:00 0 
7fc2f6e00000-7fc2f9000000 rw-p 00000000 00:00 0 
7fc2f9000000-7fc2f9760000 rwxp 00000000 00:00 0 
7fc2f9760000-7fc308000000 ---p 00000000 00:00 0 
7fc308000000-7fc3083b0000 rw-p 00000000 00:00 0 
7fc3083b0000-7fc30c000000 ---p 00000000 00:00 0 
7fc30c006000-7fc30c09d000 rw-p 00000000 00:00 0 
7fc30c09d000-7fc30c09e000 ---p 00000000 00:00 0 
7fc30c09e000-7fc30c19e000 rw-p 00000000 00:00 0                          [stack:10982]
7fc30c19e000-7fc30c19f000 ---p 00000000 00:00 0 
7fc30c19f000-7fc30c29f000 rw-p 00000000 00:00 0                          [stack:10981]
7fc30c29f000-7fc30c2a0000 ---p 00000000 00:00 0 
7fc30c2a0000-7fc30c3a0000 rw-p 00000000 00:00 0                          [stack:10980]
7fc30c3a0000-7fc30c3a1000 ---p 00000000 00:00 0 
7fc30c3a1000-7fc30c4b6000 rw-p 00000000 00:00 0                          [stack:10979]
7fc30c4b6000-7fc30c5f7000 ---p 00000000 00:00 0 
7fc30c5f7000-7fc30c60c000 rw-p 00000000 00:00 0 
7fc30c60c000-7fc30c74c000 ---p 00000000 00:00 0 
7fc30c74c000-7fc30c799000 rw-p 00000000 00:00 0 
7fc30c799000-7fc30c7f7000 ---p 00000000 00:00 0 
7fc30c7f7000-7fc30c816000 rw-p 00000000 00:00 0 
7fc30c816000-7fc30cbb8000 ---p 00000000 00:00 0 
7fc30cbb8000-7fc30cbd2000 r-xp 00000000 08:08 3498                       /home/xiaofen/Java/jdk1.8/jre/lib/amd64/libzip.so
7fc30cbd2000-7fc30cdd2000 ---p 0001a000 08:08 3498                       /home/xiaofen/Java/jdk1.8/jre/lib/amd64/libzip.so
7fc30cdd2000-7fc30cdd3000 rw-p 0001a000 08:08 3498                       /home/xiaofen/Java/jdk1.8/jre/lib/amd64/libzip.so
7fc30cdd3000-7fc30cdde000 r-xp 00000000 08:07 936566                     /lib/x86_64-linux-gnu/libnss_files-2.19.so
7fc30cdde000-7fc30cfdd000 ---p 0000b000 08:07 936566                     /lib/x86_64-linux-gnu/libnss_files-2.19.so
7fc30cfdd000-7fc30cfde000 r--p 0000a000 08:07 936566                     /lib/x86_64-linux-gnu/libnss_files-2.19.so
7fc30cfde000-7fc30cfdf000 rw-p 0000b000 08:07 936566                     /lib/x86_64-linux-gnu/libnss_files-2.19.so
7fc30cfdf000-7fc30cfea000 r-xp 00000000 08:07 936552                     /lib/x86_64-linux-gnu/libnss_nis-2.19.so
7fc30cfea000-7fc30d1e9000 ---p 0000b000 08:07 936552                     /lib/x86_64-linux-gnu/libnss_nis-2.19.so
7fc30d1e9000-7fc30d1ea000 r--p 0000a000 08:07 936552                     /lib/x86_64-linux-gnu/libnss_nis-2.19.so
7fc30d1ea000-7fc30d1eb000 rw-p 0000b000 08:07 936552                     /lib/x86_64-linux-gnu/libnss_nis-2.19.so
7fc30d1eb000-7fc30d202000 r-xp 00000000 08:07 936545                     /lib/x86_64-linux-gnu/libnsl-2.19.so
7fc30d202000-7fc30d401000 ---p 00017000 08:07 936545                     /lib/x86_64-linux-gnu/libnsl-2.19.so
7fc30d401000-7fc30d402000 r--p 00016000 08:07 936545                     /lib/x86_64-linux-gnu/libnsl-2.19.so
7fc30d402000-7fc30d403000 rw-p 00017000 08:07 936545                     /lib/x86_64-linux-gnu/libnsl-2.19.so
7fc30d403000-7fc30d405000 rw-p 00000000 00:00 0 
7fc30d405000-7fc30d40e000 r-xp 00000000 08:07 936542                     /lib/x86_64-linux-gnu/libnss_compat-2.19.so
7fc30d40e000-7fc30d60d000 ---p 00009000 08:07 936542                     /lib/x86_64-linux-gnu/libnss_compat-2.19.so
7fc30d60d000-7fc30d60e000 r--p 00008000 08:07 936542                     /lib/x86_64-linux-gnu/libnss_compat-2.19.so
7fc30d60e000-7fc30d60f000 rw-p 00009000 08:07 936542                     /lib/x86_64-linux-gnu/libnss_compat-2.19.so
7fc30d60f000-7fc30d639000 r-xp 00000000 08:08 3493                       /home/xiaofen/Java/jdk1.8/jre/lib/amd64/libjava.so
7fc30d639000-7fc30d839000 ---p 0002a000 08:08 3493                       /home/xiaofen/Java/jdk1.8/jre/lib/amd64/libjava.so
7fc30d839000-7fc30d83b000 rw-p 0002a000 08:08 3493                       /home/xiaofen/Java/jdk1.8/jre/lib/amd64/libjava.so
7fc30d83b000-7fc30d848000 r-xp 00000000 08:08 3497                       /home/xiaofen/Java/jdk1.8/jre/lib/amd64/libverify.so
7fc30d848000-7fc30da48000 ---p 0000d000 08:08 3497                       /home/xiaofen/Java/jdk1.8/jre/lib/amd64/libverify.so
7fc30da48000-7fc30da4a000 rw-p 0000d000 08:08 3497                       /home/xiaofen/Java/jdk1.8/jre/lib/amd64/libverify.so
7fc30da4a000-7fc30da51000 r-xp 00000000 08:07 936561                     /lib/x86_64-linux-gnu/librt-2.19.so
7fc30da51000-7fc30dc50000 ---p 00007000 08:07 936561                     /lib/x86_64-linux-gnu/librt-2.19.so
7fc30dc50000-7fc30dc51000 r--p 00006000 08:07 936561                     /lib/x86_64-linux-gnu/librt-2.19.so
7fc30dc51000-7fc30dc52000 rw-p 00007000 08:07 936561                     /lib/x86_64-linux-gnu/librt-2.19.so
7fc30dc52000-7fc30dd57000 r-xp 00000000 08:07 936524                     /lib/x86_64-linux-gnu/libm-2.19.so
7fc30dd57000-7fc30df56000 ---p 00105000 08:07 936524                     /lib/x86_64-linux-gnu/libm-2.19.so
7fc30df56000-7fc30df57000 r--p 00104000 08:07 936524                     /lib/x86_64-linux-gnu/libm-2.19.so
7fc30df57000-7fc30df58000 rw-p 00105000 08:07 936524                     /lib/x86_64-linux-gnu/libm-2.19.so
7fc30df58000-7fc30ec18000 r-xp 00000000 08:08 3476                       /home/xiaofen/Java/jdk1.8/jre/lib/amd64/server/libjvm.so
7fc30ec18000-7fc30ee18000 ---p 00cc0000 08:08 3476                       /home/xiaofen/Java/jdk1.8/jre/lib/amd64/server/libjvm.so
7fc30ee18000-7fc30eef0000 rw-p 00cc0000 08:08 3476                       /home/xiaofen/Java/jdk1.8/jre/lib/amd64/server/libjvm.so
7fc30eef0000-7fc30ef3b000 rw-p 00000000 00:00 0 
7fc30ef3b000-7fc30f0f6000 r-xp 00000000 08:07 936562                     /lib/x86_64-linux-gnu/libc-2.19.so
7fc30f0f6000-7fc30f2f5000 ---p 001bb000 08:07 936562                     /lib/x86_64-linux-gnu/libc-2.19.so
7fc30f2f5000-7fc30f2f9000 r--p 001ba000 08:07 936562                     /lib/x86_64-linux-gnu/libc-2.19.so
7fc30f2f9000-7fc30f2fb000 rw-p 001be000 08:07 936562                     /lib/x86_64-linux-gnu/libc-2.19.so
7fc30f2fb000-7fc30f300000 rw-p 00000000 00:00 0 
7fc30f300000-7fc30f303000 r-xp 00000000 08:07 936536                     /lib/x86_64-linux-gnu/libdl-2.19.so
7fc30f303000-7fc30f502000 ---p 00003000 08:07 936536                     /lib/x86_64-linux-gnu/libdl-2.19.so
7fc30f502000-7fc30f503000 r--p 00002000 08:07 936536                     /lib/x86_64-linux-gnu/libdl-2.19.so
7fc30f503000-7fc30f504000 rw-p 00003000 08:07 936536                     /lib/x86_64-linux-gnu/libdl-2.19.so
7fc30f504000-7fc30f519000 r-xp 00000000 08:08 1842257                    /home/xiaofen/Java/jdk1.8/lib/amd64/jli/libjli.so
7fc30f519000-7fc30f719000 ---p 00015000 08:08 1842257                    /home/xiaofen/Java/jdk1.8/lib/amd64/jli/libjli.so
7fc30f719000-7fc30f71a000 rw-p 00015000 08:08 1842257                    /home/xiaofen/Java/jdk1.8/lib/amd64/jli/libjli.so
7fc30f71a000-7fc30f733000 r-xp 00000000 08:07 936546                     /lib/x86_64-linux-gnu/libpthread-2.19.so
7fc30f733000-7fc30f932000 ---p 00019000 08:07 936546                     /lib/x86_64-linux-gnu/libpthread-2.19.so
7fc30f932000-7fc30f933000 r--p 00018000 08:07 936546                     /lib/x86_64-linux-gnu/libpthread-2.19.so
7fc30f933000-7fc30f934000 rw-p 00019000 08:07 936546                     /lib/x86_64-linux-gnu/libpthread-2.19.so
7fc30f934000-7fc30f938000 rw-p 00000000 00:00 0 
7fc30f938000-7fc30f95b000 r-xp 00000000 08:07 936549                     /lib/x86_64-linux-gnu/ld-2.19.so
7fc30f95d000-7fc30fa36000 rw-p 00000000 00:00 0 
7fc30fa36000-7fc30fa39000 ---p 00000000 00:00 0 
7fc30fa39000-7fc30fb3b000 rw-p 00000000 00:00 0                          [stack:10971]
7fc30fb3f000-7fc30fb40000 rw-p 00000000 00:00 0 
7fc30fb40000-7fc30fb4e000 r--s 000e0000 08:08 1834621                    /home/xiaofen/Android/Sdk/build-tools/24.0.0-preview/lib/dx.jar
7fc30fb4e000-7fc30fb56000 rw-s 00000000 08:07 86                         /tmp/hsperfdata_xiaofen/10967
7fc30fb56000-7fc30fb57000 rw-p 00000000 00:00 0 
7fc30fb57000-7fc30fb58000 ---p 00000000 00:00 0 
7fc30fb58000-7fc30fb5a000 rw-p 00000000 00:00 0 
7fc30fb5a000-7fc30fb5b000 r--p 00022000 08:07 936549                     /lib/x86_64-linux-gnu/ld-2.19.so
7fc30fb5b000-7fc30fb5c000 rw-p 00023000 08:07 936549                     /lib/x86_64-linux-gnu/ld-2.19.so
7fc30fb5c000-7fc30fb5d000 rw-p 00000000 00:00 0 
7fff55b7b000-7fff55b9d000 rw-p 00000000 00:00 0                          [stack]
7fff55be0000-7fff55be2000 r-xp 00000000 00:00 0                          [vdso]
7fff55be2000-7fff55be4000 r--p 00000000 00:00 0                          [vvar]
ffffffffff600000-ffffffffff601000 r-xp 00000000 00:00 0                  [vsyscall]

VM Arguments:
jvm_args: -Djava.awt.headless=true -Xmx1024M -Dfile.encoding=UTF-8 -Duser.country=CN -Duser.language=zh -Duser.variant 
java_command: com.android.dx.command.Main --dex --force-jumbo --num-threads=4 --output /home/xiaofen/Android/AndroidStudioProjects/ZYES_2/animation_1/build/intermediates/pre-dexed/debug/com.android.support-appcompat-v7-23.3.0_5ad3bd49680ae7b489b5dcd973e661c40c8678ae.jar /home/xiaofen/Android/AndroidStudioProjects/ZYES_2/animation_1/build/intermediates/exploded-aar/com.android.support/appcompat-v7/23.3.0/jars/classes.jar
java_class_path (initial): /home/xiaofen/Android/Sdk/build-tools/24.0.0-preview/lib/dx.jar
Launcher Type: SUN_STANDARD

Environment Variables:
JAVA_HOME=/home/xiaofen/Java/jdk1.8
CLASSPATH=./../lib/bootstrap.jar:./../lib/extensions.jar:./../lib/util.jar:./../lib/jdom.jar:./../lib/log4j.jar:./../lib/trove4j.jar:./../lib/jna.jar:/home/xiaofen/Java/jdk1.8/lib/tools.jar
PATH=/home/xiaofen/Java/jdk1.8/bin:/home/xiaofen/Java/apache-maven339/bin:/usr/local/sbin:/usr/local/bin:/usr/sbin:/usr/bin:/sbin:/bin:/usr/games:/usr/local/games:$JAVA_HOME/bin
LD_LIBRARY_PATH=.:
SHELL=/bin/bash
DISPLAY=:0.0

Signal Handlers:
SIGSEGV: [libjvm.so+0xabca10], sa_mask[0]=11111111011111111101111111111110, sa_flags=SA_RESTART|SA_SIGINFO
SIGBUS: [libjvm.so+0xabca10], sa_mask[0]=11111111011111111101111111111110, sa_flags=SA_RESTART|SA_SIGINFO
SIGFPE: [libjvm.so+0x919a20], sa_mask[0]=11111111011111111101111111111110, sa_flags=SA_RESTART|SA_SIGINFO
SIGPIPE: [libjvm.so+0x919a20], sa_mask[0]=11111111011111111101111111111110, sa_flags=SA_RESTART|SA_SIGINFO
SIGXFSZ: [libjvm.so+0x919a20], sa_mask[0]=11111111011111111101111111111110, sa_flags=SA_RESTART|SA_SIGINFO
SIGILL: [libjvm.so+0x919a20], sa_mask[0]=11111111011111111101111111111110, sa_flags=SA_RESTART|SA_SIGINFO
SIGUSR1: SIG_DFL, sa_mask[0]=00000000000000000000000000000000, sa_flags=none
SIGUSR2: [libjvm.so+0x91b050], sa_mask[0]=00100000000000000000000000000000, sa_flags=SA_RESTART|SA_SIGINFO
SIGHUP: [libjvm.so+0x91c450], sa_mask[0]=11111111011111111101111111111110, sa_flags=SA_RESTART|SA_SIGINFO
SIGINT: [libjvm.so+0x91c450], sa_mask[0]=11111111011111111101111111111110, sa_flags=SA_RESTART|SA_SIGINFO
SIGTERM: [libjvm.so+0x91c450], sa_mask[0]=11111111011111111101111111111110, sa_flags=SA_RESTART|SA_SIGINFO
SIGQUIT: [libjvm.so+0x91c450], sa_mask[0]=11111111011111111101111111111110, sa_flags=SA_RESTART|SA_SIGINFO


---------------  S Y S T E M  ---------------

OS:DISTRIB_ID=Ubuntu
DISTRIB_RELEASE=14.04
DISTRIB_CODENAME=trusty
DISTRIB_DESCRIPTION="Ubuntu 14.04.4 LTS"

uname:Linux 3.16.0-70-generic #90~14.04.1-Ubuntu SMP Wed Apr 6 22:56:34 UTC 2016 x86_64
libc:glibc 2.19 NPTL 2.19 
rlimit: STACK 8192k, CORE 0k, NPROC 15501, NOFILE 4096, AS infinity
load average:14.78 8.26 4.28

/proc/meminfo:
MemTotal:        3989720 kB
MemFree:          112344 kB
MemAvailable:      95392 kB
Buffers:            6852 kB
Cached:          1535200 kB
SwapCached:         1060 kB
Active:          2468224 kB
Inactive:         901812 kB
Active(anon):    2420736 kB
Inactive(anon):   852732 kB
Active(file):      47488 kB
Inactive(file):    49080 kB
Unevictable:          32 kB
Mlocked:              32 kB
SwapTotal:        999420 kB
SwapFree:              8 kB
Dirty:               756 kB
Writeback:             0 kB
AnonPages:       1827080 kB
Mapped:           405492 kB
Shmem:           1445616 kB
Slab:              77352 kB
SReclaimable:      38464 kB
SUnreclaim:        38888 kB
KernelStack:       11680 kB
PageTables:        46036 kB
NFS_Unstable:          0 kB
Bounce:                0 kB
WritebackTmp:          0 kB
CommitLimit:     2994280 kB
Committed_AS:    8317352 kB
VmallocTotal:   34359738367 kB
VmallocUsed:      362020 kB
VmallocChunk:   34359313176 kB
HardwareCorrupted:     0 kB
AnonHugePages:    880640 kB
HugePages_Total:       0
HugePages_Free:        0
HugePages_Rsvd:        0
HugePages_Surp:        0
Hugepagesize:       2048 kB
DirectMap4k:       80128 kB
DirectMap2M:     4057088 kB


CPU:total 4 (2 cores per cpu, 2 threads per core) family 6 model 42 stepping 7, cmov, cx8, fxsr, mmx, sse, sse2, sse3, ssse3, sse4.1, sse4.2, popcnt, avx, clmul, ht, tsc, tscinvbit

/proc/cpuinfo:
processor	: 0
vendor_id	: GenuineIntel
cpu family	: 6
model		: 42
model name	: Intel(R) Core(TM) i3-2350M CPU @ 2.30GHz
stepping	: 7
microcode	: 0x25
cpu MHz		: 2300.000
cache size	: 3072 KB
physical id	: 0
siblings	: 4
core id		: 0
cpu cores	: 2
apicid		: 0
initial apicid	: 0
fpu		: yes
fpu_exception	: yes
cpuid level	: 13
wp		: yes
flags		: fpu vme de pse tsc msr pae mce cx8 apic sep mtrr pge mca cmov pat pse36 clflush dts acpi mmx fxsr sse sse2 ss ht tm pbe syscall nx rdtscp lm constant_tsc arch_perfmon pebs bts rep_good nopl xtopology nonstop_tsc aperfmperf eagerfpu pni pclmulqdq dtes64 monitor ds_cpl vmx est tm2 ssse3 cx16 xtpr pdcm pcid sse4_1 sse4_2 x2apic popcnt tsc_deadline_timer xsave avx lahf_lm arat epb xsaveopt pln pts dtherm tpr_shadow vnmi flexpriority ept vpid
bogomips	: 4589.76
clflush size	: 64
cache_alignment	: 64
address sizes	: 36 bits physical, 48 bits virtual
power management:

processor	: 1
vendor_id	: GenuineIntel
cpu family	: 6
model		: 42
model name	: Intel(R) Core(TM) i3-2350M CPU @ 2.30GHz
stepping	: 7
microcode	: 0x25
cpu MHz		: 2300.000
cache size	: 3072 KB
physical id	: 0
siblings	: 4
core id		: 0
cpu cores	: 2
apicid		: 1
initial apicid	: 1
fpu		: yes
fpu_exception	: yes
cpuid level	: 13
wp		: yes
flags		: fpu vme de pse tsc msr pae mce cx8 apic sep mtrr pge mca cmov pat pse36 clflush dts acpi mmx fxsr sse sse2 ss ht tm pbe syscall nx rdtscp lm constant_tsc arch_perfmon pebs bts rep_good nopl xtopology nonstop_tsc aperfmperf eagerfpu pni pclmulqdq dtes64 monitor ds_cpl vmx est tm2 ssse3 cx16 xtpr pdcm pcid sse4_1 sse4_2 x2apic popcnt tsc_deadline_timer xsave avx lahf_lm arat epb xsaveopt pln pts dtherm tpr_shadow vnmi flexpriority ept vpid
bogomips	: 4589.76
clflush size	: 64
cache_alignment	: 64
address sizes	: 36 bits physical, 48 bits virtual
power management:

processor	: 2
vendor_id	: GenuineIntel
cpu family	: 6
model		: 42
model name	: Intel(R) Core(TM) i3-2350M CPU @ 2.30GHz
stepping	: 7
microcode	: 0x25
cpu MHz		: 2300.000
cache size	: 3072 KB
physical id	: 0
siblings	: 4
core id		: 1
cpu cores	: 2
apicid		: 2
initial apicid	: 2
fpu		: yes
fpu_exception	: yes
cpuid level	: 13
wp		: yes
flags		: fpu vme de pse tsc msr pae mce cx8 apic sep mtrr pge mca cmov pat pse36 clflush dts acpi mmx fxsr sse sse2 ss ht tm pbe syscall nx rdtscp lm constant_tsc arch_perfmon pebs bts rep_good nopl xtopology nonstop_tsc aperfmperf eagerfpu pni pclmulqdq dtes64 monitor ds_cpl vmx est tm2 ssse3 cx16 xtpr pdcm pcid sse4_1 sse4_2 x2apic popcnt tsc_deadline_timer xsave avx lahf_lm arat epb xsaveopt pln pts dtherm tpr_shadow vnmi flexpriority ept vpid
bogomips	: 4589.76
clflush size	: 64
cache_alignment	: 64
address sizes	: 36 bits physical, 48 bits virtual
power management:

processor	: 3
vendor_id	: GenuineIntel
cpu family	: 6
model		: 42
model name	: Intel(R) Core(TM) i3-2350M CPU @ 2.30GHz
stepping	: 7
microcode	: 0x25
cpu MHz		: 2300.000
cache size	: 3072 KB
physical id	: 0
siblings	: 4
core id		: 1
cpu cores	: 2
apicid		: 3
initial apicid	: 3
fpu		: yes
fpu_exception	: yes
cpuid level	: 13
wp		: yes
flags		: fpu vme de pse tsc msr pae mce cx8 apic sep mtrr pge mca cmov pat pse36 clflush dts acpi mmx fxsr sse sse2 ss ht tm pbe syscall nx rdtscp lm constant_tsc arch_perfmon pebs bts rep_good nopl xtopology nonstop_tsc aperfmperf eagerfpu pni pclmulqdq dtes64 monitor ds_cpl vmx est tm2 ssse3 cx16 xtpr pdcm pcid sse4_1 sse4_2 x2apic popcnt tsc_deadline_timer xsave avx lahf_lm arat epb xsaveopt pln pts dtherm tpr_shadow vnmi flexpriority ept vpid
bogomips	: 4589.76
clflush size	: 64
cache_alignment	: 64
address sizes	: 36 bits physical, 48 bits virtual
power management:



Memory: 4k page, physical 3989720k(112344k free), swap 999420k(8k free)

vm_info: Java HotSpot(TM) 64-Bit Server VM (25.91-b14) for linux-amd64 JRE (1.8.0_91-b14), built on Apr  1 2016 00:57:21 by "java_re" with gcc 4.3.0 20080428 (Red Hat 4.3.0-8)

time: Wed Apr 27 21:09:40 2016
elapsed time: 24 seconds (0d 0h 0m 24s)

