#
# There is insufficient memory for the Java Runtime Environment to continue.
# Native memory allocation (mmap) failed to map 16252928 bytes for committing reserved memory.
# Possible reasons:
#   The system is out of physical RAM or swap space
#   In 32 bit mode, the process size limit was hit
# Possible solutions:
#   Reduce memory load on the system
#   Increase physical memory or swap space
#   Check if swap backing store is full
#   Use 64 bit Java on a 64 bit OS
#   Decrease Java heap size (-Xmx/-Xms)
#   Decrease number of Java threads
#   Decrease Java thread stack sizes (-Xss)
#   Set larger code cache with -XX:ReservedCodeCacheSize=
# This output file may be truncated or incomplete.
#
#  Out of Memory Error (os_linux.cpp:2627), pid=10097, tid=139967983511296
#
# JRE version: Java(TM) SE Runtime Environment (8.0_91-b14) (build 1.8.0_91-b14)
# Java VM: Java HotSpot(TM) 64-Bit Server VM (25.91-b14 mixed mode linux-amd64 compressed oops)
# Failed to write core dump. Core dumps have been disabled. To enable core dumping, try "ulimit -c unlimited" before starting Java again
#

---------------  T H R E A D  ---------------

Current thread (0x00007f4cec078000):  VMThread [stack: 0x00007f4cd5dfe000,0x00007f4cd5eff000] [id=10119]

Stack: [0x00007f4cd5dfe000,0x00007f4cd5eff000],  sp=0x00007f4cd5efd060,  free space=1020k
Native frames: (J=compiled Java code, j=interpreted, Vv=VM code, C=native code)
V  [libjvm.so+0xabc18a]  VMError::report_and_die()+0x2ba
V  [libjvm.so+0x4fafeb]  report_vm_out_of_memory(char const*, int, unsigned long, VMErrorType, char const*)+0x8b
V  [libjvm.so+0x91cbb3]  os::Linux::commit_memory_impl(char*, unsigned long, bool)+0x103
V  [libjvm.so+0x91d109]  os::pd_commit_memory(char*, unsigned long, unsigned long, bool)+0x29
V  [libjvm.so+0x91740a]  os::commit_memory(char*, unsigned long, unsigned long, bool)+0x2a
V  [libjvm.so+0x98b033]  PSVirtualSpace::expand_by(unsigned long)+0x53
V  [libjvm.so+0x98c438]  PSYoungGen::resize_generation(unsigned long, unsigned long)+0xf8
V  [libjvm.so+0x98b592]  PSYoungGen::resize(unsigned long, unsigned long)+0x22
V  [libjvm.so+0x98886b]  PSScavenge::invoke_no_policy()+0xf3b
V  [libjvm.so+0x988ff1]  PSScavenge::invoke()+0x41
V  [libjvm.so+0x9408b0]  ParallelScavengeHeap::failed_mem_allocate(unsigned long)+0x70
V  [libjvm.so+0xabdba7]  VM_ParallelGCFailedAllocation::doit()+0x97
V  [libjvm.so+0xac55d5]  VM_Operation::evaluate()+0x55
V  [libjvm.so+0xac39aa]  VMThread::evaluate_operation(VM_Operation*)+0xba
V  [libjvm.so+0xac3d2e]  VMThread::loop()+0x1ce
V  [libjvm.so+0xac41a0]  VMThread::run()+0x70
V  [libjvm.so+0x91ef78]  java_start(Thread*)+0x108

VM_Operation (0x00007f4cd4d0fc60): ParallelGCFailedAllocation, mode: safepoint, requested by thread 0x00007f4cec17d800


---------------  P R O C E S S  ---------------

Java Threads: ( => current thread )
  0x00007f4cec180000 JavaThread "pool-1-thread-4" [_thread_blocked, id=10167, stack(0x00007f4cd4a0f000,0x00007f4cd4b10000)]
  0x00007f4cec17e800 JavaThread "pool-1-thread-3" [_thread_blocked, id=10164, stack(0x00007f4cd4b10000,0x00007f4cd4c11000)]
  0x00007f4cec17d800 JavaThread "pool-1-thread-2" [_thread_blocked, id=10161, stack(0x00007f4cd4c11000,0x00007f4cd4d12000)]
  0x00007f4cec170800 JavaThread "pool-2-thread-1" [_thread_blocked, id=10159, stack(0x00007f4cd4d12000,0x00007f4cd4e13000)]
  0x00007f4cec16e800 JavaThread "pool-1-thread-1" [_thread_blocked, id=10158, stack(0x00007f4cd4e13000,0x00007f4cd4f14000)]
  0x00007f4cec0c0000 JavaThread "Service Thread" daemon [_thread_blocked, id=10148, stack(0x00007f4cd5015000,0x00007f4cd5116000)]
  0x00007f4cec0bd000 JavaThread "C1 CompilerThread2" daemon [_thread_blocked, id=10145, stack(0x00007f4cd5116000,0x00007f4cd5217000)]
  0x00007f4cec0bb800 JavaThread "C2 CompilerThread1" daemon [_thread_blocked, id=10140, stack(0x00007f4cd5217000,0x00007f4cd5318000)]
  0x00007f4cec0b8800 JavaThread "C2 CompilerThread0" daemon [_thread_blocked, id=10138, stack(0x00007f4cd5318000,0x00007f4cd5419000)]
  0x00007f4cec0b7000 JavaThread "Signal Dispatcher" daemon [_thread_blocked, id=10135, stack(0x00007f4cd5419000,0x00007f4cd551a000)]
  0x00007f4cec084000 JavaThread "Finalizer" daemon [_thread_blocked, id=10126, stack(0x00007f4cd5bfc000,0x00007f4cd5cfd000)]
  0x00007f4cec07f800 JavaThread "Reference Handler" daemon [_thread_blocked, id=10123, stack(0x00007f4cd5cfd000,0x00007f4cd5dfe000)]
  0x00007f4cec00a000 JavaThread "main" [_thread_blocked, id=10101, stack(0x00007f4cf44c2000,0x00007f4cf45c3000)]

Other Threads:
=>0x00007f4cec078000 VMThread [stack: 0x00007f4cd5dfe000,0x00007f4cd5eff000] [id=10119]
  0x00007f4cec0c3000 WatcherThread [stack: 0x00007f4cd4f14000,0x00007f4cd5015000] [id=10151]

VM state:at safepoint (normal execution)

VM Mutex/Monitor currently owned by a thread:  ([mutex/lock_event])
[0x00007f4cec0065e0] Threads_lock - owner thread: 0x00007f4cec078000
[0x00007f4cec006ae0] Heap_lock - owner thread: 0x00007f4cec17d800

Heap:
 PSYoungGen      total 18432K, used 2551K [0x00000000eab00000, 0x00000000ebf80000, 0x0000000100000000)
  eden space 15872K, 0% used [0x00000000eab00000,0x00000000eab00000,0x00000000eba80000)
  from space 2560K, 99% used [0x00000000ebd00000,0x00000000ebf7de10,0x00000000ebf80000)
  to   space 2560K, 0% used [0x00000000eba80000,0x00000000eba80000,0x00000000ebd00000)
 ParOldGen       total 42496K, used 2270K [0x00000000c0000000, 0x00000000c2980000, 0x00000000eab00000)
  object space 42496K, 5% used [0x00000000c0000000,0x00000000c02379a8,0x00000000c2980000)
 Metaspace       used 5746K, capacity 6704K, committed 6784K, reserved 1056768K
  class space    used 591K, capacity 616K, committed 640K, reserved 1048576K

Card table byte_map: [0x00007f4cf1083000,0x00007f4cf1284000] byte_map_base: 0x00007f4cf0a83000

Marking Bits: (ParMarkBitMap*) 0x00007f4cf399ad60
 Begin Bits: [0x00007f4cd6000000, 0x00007f4cd7000000)
 End Bits:   [0x00007f4cd7000000, 0x00007f4cd8000000)

Polling page: 0x00007f4cf45e3000

CodeCache: size=245760Kb used=2340Kb max_used=2352Kb free=243419Kb
 bounds [0x00007f4cdd000000, 0x00007f4cdd270000, 0x00007f4cec000000]
 total_blobs=885 nmethods=617 adapters=182
 compilation: enabled

Compilation events (10 events):
Event: 13.311 Thread 0x00007f4cec0bd000 nmethod 575 0x00007f4cdd244e90 code [0x00007f4cdd245020, 0x00007f4cdd2452e8]
Event: 13.311 Thread 0x00007f4cec0bd000  695       3       com.android.dx.ssa.SsaInsn::<init> (29 bytes)
Event: 13.311 Thread 0x00007f4cec0bd000 nmethod 695 0x00007f4cdd244910 code [0x00007f4cdd244aa0, 0x00007f4cdd244d68]
Event: 13.311 Thread 0x00007f4cec0bd000  678       3       com.android.dx.util.LabeledList::set (45 bytes)
Event: 13.312 Thread 0x00007f4cec0bd000 nmethod 678 0x00007f4cdd248d50 code [0x00007f4cdd248fa0, 0x00007f4cdd249d08]
Event: 13.312 Thread 0x00007f4cec0bd000  684       2       com.android.dx.util.IntList::contains (14 bytes)
Event: 13.312 Thread 0x00007f4cec0bd000 nmethod 684 0x00007f4cdd24a950 code [0x00007f4cdd24aac0, 0x00007f4cdd24ac48]
Event: 13.313 Thread 0x00007f4cec0bd000  707   !   3       com.android.dx.cf.code.BytecodeArray::parseInstruction (2764 bytes)
Event: 13.418 Thread 0x00007f4cec0b8800 nmethod 693 0x00007f4cdd24da50 code [0x00007f4cdd24dbc0, 0x00007f4cdd24dcf8]
Event: 13.419 Thread 0x00007f4cec0b8800  706       4       com.android.dx.rop.type.Type::hashCode (8 bytes)

GC Heap History (3 events):
Event: 1.154 GC heap before
{Heap before GC invocations=1 (full 0):
 PSYoungGen      total 18432K, used 15872K [0x00000000eab00000, 0x00000000ebf80000, 0x0000000100000000)
  eden space 15872K, 100% used [0x00000000eab00000,0x00000000eba80000,0x00000000eba80000)
  from space 2560K, 0% used [0x00000000ebd00000,0x00000000ebd00000,0x00000000ebf80000)
  to   space 2560K, 0% used [0x00000000eba80000,0x00000000eba80000,0x00000000ebd00000)
 ParOldGen       total 42496K, used 0K [0x00000000c0000000, 0x00000000c2980000, 0x00000000eab00000)
  object space 42496K, 0% used [0x00000000c0000000,0x00000000c0000000,0x00000000c2980000)
 Metaspace       used 3805K, capacity 5008K, committed 5120K, reserved 1056768K
  class space    used 419K, capacity 456K, committed 512K, reserved 1048576K
Event: 1.167 GC heap after
Heap after GC invocations=1 (full 0):
 PSYoungGen      total 18432K, used 1333K [0x00000000eab00000, 0x00000000ebf80000, 0x0000000100000000)
  eden space 15872K, 0% used [0x00000000eab00000,0x00000000eab00000,0x00000000eba80000)
  from space 2560K, 52% used [0x00000000eba80000,0x00000000ebbcd628,0x00000000ebd00000)
  to   space 2560K, 0% used [0x00000000ebd00000,0x00000000ebd00000,0x00000000ebf80000)
 ParOldGen       total 42496K, used 8K [0x00000000c0000000, 0x00000000c2980000, 0x00000000eab00000)
  object space 42496K, 0% used [0x00000000c0000000,0x00000000c0002000,0x00000000c2980000)
 Metaspace       used 3805K, capacity 5008K, committed 5120K, reserved 1056768K
  class space    used 419K, capacity 456K, committed 512K, reserved 1048576K
}
Event: 13.496 GC heap before
{Heap before GC invocations=2 (full 0):
 PSYoungGen      total 18432K, used 17205K [0x00000000eab00000, 0x00000000ebf80000, 0x0000000100000000)
  eden space 15872K, 100% used [0x00000000eab00000,0x00000000eba80000,0x00000000eba80000)
  from space 2560K, 52% used [0x00000000eba80000,0x00000000ebbcd628,0x00000000ebd00000)
  to   space 2560K, 0% used [0x00000000ebd00000,0x00000000ebd00000,0x00000000ebf80000)
 ParOldGen       total 42496K, used 8K [0x00000000c0000000, 0x00000000c2980000, 0x00000000eab00000)
  object space 42496K, 0% used [0x00000000c0000000,0x00000000c0002000,0x00000000c2980000)
 Metaspace       used 5746K, capacity 6704K, committed 6784K, reserved 1056768K
  class space    used 591K, capacity 616K, committed 640K, reserved 1048576K

Deoptimization events (3 events):
Event: 0.897 Thread 0x00007f4cec00a000 Uncommon trap: reason=unstable_if action=reinterpret pc=0x00007f4cdd159c18 method=java.lang.String.compareTo(Ljava/lang/String;)I @ 38
Event: 1.207 Thread 0x00007f4cec00a000 Uncommon trap: reason=unstable_if action=reinterpret pc=0x00007f4cdd14d848 method=java.lang.String.indexOf(II)I @ 49
Event: 7.403 Thread 0x00007f4cec16e800 Uncommon trap: reason=unstable_if action=reinterpret pc=0x00007f4cdd2023b4 method=java.util.HashMap.getNode(ILjava/lang/Object;)Ljava/util/HashMap$Node; @ 62

Internal exceptions (2 events):
Event: 0.103 Thread 0x00007f4cec00a000 Exception <a 'java/lang/NoSuchMethodError': Method sun.misc.Unsafe.defineClass(Ljava/lang/String;[BII)Ljava/lang/Class; name or signature does not match> (0x00000000eab07cc0) thrown at [/HUDSON/workspace/8-2-build-linux-amd64/jdk8u91/6644/hotspot/src/shar
Event: 0.104 Thread 0x00007f4cec00a000 Exception <a 'java/lang/NoSuchMethodError': Method sun.misc.Unsafe.prefetchRead(Ljava/lang/Object;J)V name or signature does not match> (0x00000000eab07fa8) thrown at [/HUDSON/workspace/8-2-build-linux-amd64/jdk8u91/6644/hotspot/src/share/vm/prims/jni.cpp

Events (10 events):
Event: 7.493 loading class com/android/dx/cf/attrib/AttLocalVariableTypeTable
Event: 7.500 loading class com/android/dx/cf/attrib/AttLocalVariableTypeTable done
Event: 7.527 loading class java/util/DualPivotQuicksort done
Event: 7.592 loading class com/android/dx/cf/attrib/AttSignature
Event: 7.592 loading class com/android/dx/cf/attrib/AttSignature done
Event: 12.530 loading class java/util/ArrayList$1
Event: 12.562 loading class java/util/ArrayList$1 done
Event: 13.209 loading class com/android/dx/dex/file/FieldAnnotationStruct
Event: 13.209 loading class com/android/dx/dex/file/FieldAnnotationStruct done
Event: 13.436 Executing VM operation: ParallelGCFailedAllocation


Dynamic libraries:
00400000-00401000 r-xp 00000000 08:08 1841410                            /home/xiaofen/Java/jdk1.8/bin/java
00600000-00601000 rw-p 00000000 08:08 1841410                            /home/xiaofen/Java/jdk1.8/bin/java
00796000-007b7000 rw-p 00000000 00:00 0                                  [heap]
c0000000-c2980000 rw-p 00000000 00:00 0 
c2980000-eab00000 ---p 00000000 00:00 0 
eab00000-ebf80000 rw-p 00000000 00:00 0 
ecf00000-100000000 ---p 00000000 00:00 0 
100000000-1000a0000 rw-p 00000000 00:00 0 
1000a0000-140000000 ---p 00000000 00:00 0 
7f4c88000000-7f4c88021000 rw-p 00000000 00:00 0 
7f4c88021000-7f4c8c000000 ---p 00000000 00:00 0 
7f4c90000000-7f4c90021000 rw-p 00000000 00:00 0 
7f4c90021000-7f4c94000000 ---p 00000000 00:00 0 
7f4c94000000-7f4c94021000 rw-p 00000000 00:00 0 
7f4c94021000-7f4c98000000 ---p 00000000 00:00 0 
7f4c98000000-7f4c9802c000 rw-p 00000000 00:00 0 
7f4c9802c000-7f4c9c000000 ---p 00000000 00:00 0 
7f4c9c000000-7f4c9c021000 rw-p 00000000 00:00 0 
7f4c9c021000-7f4ca0000000 ---p 00000000 00:00 0 
7f4ca0000000-7f4ca0021000 rw-p 00000000 00:00 0 
7f4ca0021000-7f4ca4000000 ---p 00000000 00:00 0 
7f4ca4000000-7f4ca4021000 rw-p 00000000 00:00 0 
7f4ca4021000-7f4ca8000000 ---p 00000000 00:00 0 
7f4ca8000000-7f4ca81b6000 rw-p 00000000 00:00 0 
7f4ca81b6000-7f4cac000000 ---p 00000000 00:00 0 
7f4cac000000-7f4cac2b4000 rw-p 00000000 00:00 0 
7f4cac2b4000-7f4cb0000000 ---p 00000000 00:00 0 
7f4cb0000000-7f4cb0021000 rw-p 00000000 00:00 0 
7f4cb0021000-7f4cb4000000 ---p 00000000 00:00 0 
7f4cb4000000-7f4cb4141000 rw-p 00000000 00:00 0 
7f4cb4141000-7f4cb8000000 ---p 00000000 00:00 0 
7f4cb8000000-7f4cb8021000 rw-p 00000000 00:00 0 
7f4cb8021000-7f4cbc000000 ---p 00000000 00:00 0 
7f4cbc000000-7f4cbc021000 rw-p 00000000 00:00 0 
7f4cbc021000-7f4cc0000000 ---p 00000000 00:00 0 
7f4cc0000000-7f4cc0021000 rw-p 00000000 00:00 0 
7f4cc0021000-7f4cc4000000 ---p 00000000 00:00 0 
7f4cc4000000-7f4cc428c000 rw-p 00000000 00:00 0 
7f4cc428c000-7f4cc8000000 ---p 00000000 00:00 0 
7f4cc8000000-7f4cc8021000 rw-p 00000000 00:00 0 
7f4cc8021000-7f4ccc000000 ---p 00000000 00:00 0 
7f4cd0000000-7f4cd0021000 rw-p 00000000 00:00 0 
7f4cd0021000-7f4cd4000000 ---p 00000000 00:00 0 
7f4cd49f4000-7f4cd49fb000 r--s 00000000 08:07 413914                     /usr/lib/x86_64-linux-gnu/gconv/gconv-modules.cache
7f4cd49fb000-7f4cd4a0f000 r--p 00000000 08:07 403657                     /usr/share/locale-langpack/zh_CN/LC_MESSAGES/libc.mo
7f4cd4a0f000-7f4cd4a12000 ---p 00000000 00:00 0 
7f4cd4a12000-7f4cd4b10000 rw-p 00000000 00:00 0                          [stack:10167]
7f4cd4b10000-7f4cd4b13000 ---p 00000000 00:00 0 
7f4cd4b13000-7f4cd4c11000 rw-p 00000000 00:00 0                          [stack:10164]
7f4cd4c11000-7f4cd4c14000 ---p 00000000 00:00 0 
7f4cd4c14000-7f4cd4d12000 rw-p 00000000 00:00 0                          [stack:10161]
7f4cd4d12000-7f4cd4d15000 ---p 00000000 00:00 0 
7f4cd4d15000-7f4cd4e13000 rw-p 00000000 00:00 0                          [stack:10159]
7f4cd4e13000-7f4cd4e16000 ---p 00000000 00:00 0 
7f4cd4e16000-7f4cd4f14000 rw-p 00000000 00:00 0                          [stack:10158]
7f4cd4f14000-7f4cd4f15000 ---p 00000000 00:00 0 
7f4cd4f15000-7f4cd5015000 rw-p 00000000 00:00 0                          [stack:10151]
7f4cd5015000-7f4cd5018000 ---p 00000000 00:00 0 
7f4cd5018000-7f4cd5116000 rw-p 00000000 00:00 0                          [stack:10148]
7f4cd5116000-7f4cd5119000 ---p 00000000 00:00 0 
7f4cd5119000-7f4cd5217000 rw-p 00000000 00:00 0                          [stack:10145]
7f4cd5217000-7f4cd521a000 ---p 00000000 00:00 0 
7f4cd521a000-7f4cd5318000 rw-p 00000000 00:00 0                          [stack:10140]
7f4cd5318000-7f4cd531b000 ---p 00000000 00:00 0 
7f4cd531b000-7f4cd5419000 rw-p 00000000 00:00 0                          [stack:10138]
7f4cd5419000-7f4cd541c000 ---p 00000000 00:00 0 
7f4cd541c000-7f4cd551a000 rw-p 00000000 00:00 0                          [stack:10135]
7f4cd551a000-7f4cd5bfc000 r--p 00000000 08:07 139093                     /usr/lib/locale/locale-archive
7f4cd5bfc000-7f4cd5bff000 ---p 00000000 00:00 0 
7f4cd5bff000-7f4cd5cfd000 rw-p 00000000 00:00 0                          [stack:10126]
7f4cd5cfd000-7f4cd5d00000 ---p 00000000 00:00 0 
7f4cd5d00000-7f4cd5dfe000 rw-p 00000000 00:00 0                          [stack:10123]
7f4cd5dfe000-7f4cd5dff000 ---p 00000000 00:00 0 
7f4cd5dff000-7f4cd8000000 rw-p 00000000 00:00 0                          [stack:10119]
7f4cd8000000-7f4cd8021000 rw-p 00000000 00:00 0 
7f4cd8021000-7f4cdc000000 ---p 00000000 00:00 0 
7f4cdc003000-7f4cdc019000 r--s 000f1000 08:08 399336                     /home/xiaofen/Android/AndroidStudioProjects/ZYES_2/animation_1/build/intermediates/exploded-aar/com.android.support/support-v4/23.3.0/jars/classes.jar
7f4cdc019000-7f4cdce27000 rw-p 00000000 00:00 0 
7f4cdce27000-7f4cdd000000 r--s 03d1f000 08:08 3296                       /home/xiaofen/Java/jdk1.8/jre/lib/rt.jar
7f4cdd000000-7f4cdd270000 rwxp 00000000 00:00 0 
7f4cdd270000-7f4cec000000 ---p 00000000 00:00 0 
7f4cec000000-7f4cec38b000 rw-p 00000000 00:00 0 
7f4cec38b000-7f4cf0000000 ---p 00000000 00:00 0 
7f4cf0001000-7f4cf0729000 rw-p 00000000 00:00 0 
7f4cf0729000-7f4cf0929000 ---p 00000000 00:00 0 
7f4cf0929000-7f4cf0b29000 rw-p 00000000 00:00 0 
7f4cf0b29000-7f4cf0b2a000 ---p 00000000 00:00 0 
7f4cf0b2a000-7f4cf0c2a000 rw-p 00000000 00:00 0                          [stack:10105]
7f4cf0c2a000-7f4cf0c2b000 ---p 00000000 00:00 0 
7f4cf0c2b000-7f4cf0d2b000 rw-p 00000000 00:00 0                          [stack:10104]
7f4cf0d2b000-7f4cf0d2c000 ---p 00000000 00:00 0 
7f4cf0d2c000-7f4cf0e2c000 rw-p 00000000 00:00 0                          [stack:10103]
7f4cf0e2c000-7f4cf0e2d000 ---p 00000000 00:00 0 
7f4cf0e2d000-7f4cf0f42000 rw-p 00000000 00:00 0                          [stack:10102]
7f4cf0f42000-7f4cf1083000 ---p 00000000 00:00 0 
7f4cf1083000-7f4cf1098000 rw-p 00000000 00:00 0 
7f4cf1098000-7f4cf11d8000 ---p 00000000 00:00 0 
7f4cf11d8000-7f4cf11e3000 rw-p 00000000 00:00 0 
7f4cf11e3000-7f4cf1283000 ---p 00000000 00:00 0 
7f4cf1283000-7f4cf128e000 rw-p 00000000 00:00 0 
7f4cf128e000-7f4cf1644000 ---p 00000000 00:00 0 
7f4cf1644000-7f4cf165e000 r-xp 00000000 08:08 3498                       /home/xiaofen/Java/jdk1.8/jre/lib/amd64/libzip.so
7f4cf165e000-7f4cf185e000 ---p 0001a000 08:08 3498                       /home/xiaofen/Java/jdk1.8/jre/lib/amd64/libzip.so
7f4cf185e000-7f4cf185f000 rw-p 0001a000 08:08 3498                       /home/xiaofen/Java/jdk1.8/jre/lib/amd64/libzip.so
7f4cf185f000-7f4cf186a000 r-xp 00000000 08:07 936566                     /lib/x86_64-linux-gnu/libnss_files-2.19.so
7f4cf186a000-7f4cf1a69000 ---p 0000b000 08:07 936566                     /lib/x86_64-linux-gnu/libnss_files-2.19.so
7f4cf1a69000-7f4cf1a6a000 r--p 0000a000 08:07 936566                     /lib/x86_64-linux-gnu/libnss_files-2.19.so
7f4cf1a6a000-7f4cf1a6b000 rw-p 0000b000 08:07 936566                     /lib/x86_64-linux-gnu/libnss_files-2.19.so
7f4cf1a6b000-7f4cf1a76000 r-xp 00000000 08:07 936552                     /lib/x86_64-linux-gnu/libnss_nis-2.19.so
7f4cf1a76000-7f4cf1c75000 ---p 0000b000 08:07 936552                     /lib/x86_64-linux-gnu/libnss_nis-2.19.so
7f4cf1c75000-7f4cf1c76000 r--p 0000a000 08:07 936552                     /lib/x86_64-linux-gnu/libnss_nis-2.19.so
7f4cf1c76000-7f4cf1c77000 rw-p 0000b000 08:07 936552                     /lib/x86_64-linux-gnu/libnss_nis-2.19.so
7f4cf1c77000-7f4cf1c8e000 r-xp 00000000 08:07 936545                     /lib/x86_64-linux-gnu/libnsl-2.19.so
7f4cf1c8e000-7f4cf1e8d000 ---p 00017000 08:07 936545                     /lib/x86_64-linux-gnu/libnsl-2.19.so
7f4cf1e8d000-7f4cf1e8e000 r--p 00016000 08:07 936545                     /lib/x86_64-linux-gnu/libnsl-2.19.so
7f4cf1e8e000-7f4cf1e8f000 rw-p 00017000 08:07 936545                     /lib/x86_64-linux-gnu/libnsl-2.19.so
7f4cf1e8f000-7f4cf1e91000 rw-p 00000000 00:00 0 
7f4cf1e91000-7f4cf1e9a000 r-xp 00000000 08:07 936542                     /lib/x86_64-linux-gnu/libnss_compat-2.19.so
7f4cf1e9a000-7f4cf2099000 ---p 00009000 08:07 936542                     /lib/x86_64-linux-gnu/libnss_compat-2.19.so
7f4cf2099000-7f4cf209a000 r--p 00008000 08:07 936542                     /lib/x86_64-linux-gnu/libnss_compat-2.19.so
7f4cf209a000-7f4cf209b000 rw-p 00009000 08:07 936542                     /lib/x86_64-linux-gnu/libnss_compat-2.19.so
7f4cf209b000-7f4cf20c5000 r-xp 00000000 08:08 3493                       /home/xiaofen/Java/jdk1.8/jre/lib/amd64/libjava.so
7f4cf20c5000-7f4cf22c5000 ---p 0002a000 08:08 3493                       /home/xiaofen/Java/jdk1.8/jre/lib/amd64/libjava.so
7f4cf22c5000-7f4cf22c7000 rw-p 0002a000 08:08 3493                       /home/xiaofen/Java/jdk1.8/jre/lib/amd64/libjava.so
7f4cf22c7000-7f4cf22d4000 r-xp 00000000 08:08 3497                       /home/xiaofen/Java/jdk1.8/jre/lib/amd64/libverify.so
7f4cf22d4000-7f4cf24d4000 ---p 0000d000 08:08 3497                       /home/xiaofen/Java/jdk1.8/jre/lib/amd64/libverify.so
7f4cf24d4000-7f4cf24d6000 rw-p 0000d000 08:08 3497                       /home/xiaofen/Java/jdk1.8/jre/lib/amd64/libverify.so
7f4cf24d6000-7f4cf24dd000 r-xp 00000000 08:07 936561                     /lib/x86_64-linux-gnu/librt-2.19.so
7f4cf24dd000-7f4cf26dc000 ---p 00007000 08:07 936561                     /lib/x86_64-linux-gnu/librt-2.19.so
7f4cf26dc000-7f4cf26dd000 r--p 00006000 08:07 936561                     /lib/x86_64-linux-gnu/librt-2.19.so
7f4cf26dd000-7f4cf26de000 rw-p 00007000 08:07 936561                     /lib/x86_64-linux-gnu/librt-2.19.so
7f4cf26de000-7f4cf27e3000 r-xp 00000000 08:07 936524                     /lib/x86_64-linux-gnu/libm-2.19.so
7f4cf27e3000-7f4cf29e2000 ---p 00105000 08:07 936524                     /lib/x86_64-linux-gnu/libm-2.19.so
7f4cf29e2000-7f4cf29e3000 r--p 00104000 08:07 936524                     /lib/x86_64-linux-gnu/libm-2.19.so
7f4cf29e3000-7f4cf29e4000 rw-p 00105000 08:07 936524                     /lib/x86_64-linux-gnu/libm-2.19.so
7f4cf29e4000-7f4cf36a4000 r-xp 00000000 08:08 3476                       /home/xiaofen/Java/jdk1.8/jre/lib/amd64/server/libjvm.so
7f4cf36a4000-7f4cf38a4000 ---p 00cc0000 08:08 3476                       /home/xiaofen/Java/jdk1.8/jre/lib/amd64/server/libjvm.so
7f4cf38a4000-7f4cf397c000 rw-p 00cc0000 08:08 3476                       /home/xiaofen/Java/jdk1.8/jre/lib/amd64/server/libjvm.so
7f4cf397c000-7f4cf39c7000 rw-p 00000000 00:00 0 
7f4cf39c7000-7f4cf3b82000 r-xp 00000000 08:07 936562                     /lib/x86_64-linux-gnu/libc-2.19.so
7f4cf3b82000-7f4cf3d81000 ---p 001bb000 08:07 936562                     /lib/x86_64-linux-gnu/libc-2.19.so
7f4cf3d81000-7f4cf3d85000 r--p 001ba000 08:07 936562                     /lib/x86_64-linux-gnu/libc-2.19.so
7f4cf3d85000-7f4cf3d87000 rw-p 001be000 08:07 936562                     /lib/x86_64-linux-gnu/libc-2.19.so
7f4cf3d87000-7f4cf3d8c000 rw-p 00000000 00:00 0 
7f4cf3d8c000-7f4cf3d8f000 r-xp 00000000 08:07 936536                     /lib/x86_64-linux-gnu/libdl-2.19.so
7f4cf3d8f000-7f4cf3f8e000 ---p 00003000 08:07 936536                     /lib/x86_64-linux-gnu/libdl-2.19.so
7f4cf3f8e000-7f4cf3f8f000 r--p 00002000 08:07 936536                     /lib/x86_64-linux-gnu/libdl-2.19.so
7f4cf3f8f000-7f4cf3f90000 rw-p 00003000 08:07 936536                     /lib/x86_64-linux-gnu/libdl-2.19.so
7f4cf3f90000-7f4cf3fa5000 r-xp 00000000 08:08 1842257                    /home/xiaofen/Java/jdk1.8/lib/amd64/jli/libjli.so
7f4cf3fa5000-7f4cf41a5000 ---p 00015000 08:08 1842257                    /home/xiaofen/Java/jdk1.8/lib/amd64/jli/libjli.so
7f4cf41a5000-7f4cf41a6000 rw-p 00015000 08:08 1842257                    /home/xiaofen/Java/jdk1.8/lib/amd64/jli/libjli.so
7f4cf41a6000-7f4cf41bf000 r-xp 00000000 08:07 936546                     /lib/x86_64-linux-gnu/libpthread-2.19.so
7f4cf41bf000-7f4cf43be000 ---p 00019000 08:07 936546                     /lib/x86_64-linux-gnu/libpthread-2.19.so
7f4cf43be000-7f4cf43bf000 r--p 00018000 08:07 936546                     /lib/x86_64-linux-gnu/libpthread-2.19.so
7f4cf43bf000-7f4cf43c0000 rw-p 00019000 08:07 936546                     /lib/x86_64-linux-gnu/libpthread-2.19.so
7f4cf43c0000-7f4cf43c4000 rw-p 00000000 00:00 0 
7f4cf43c4000-7f4cf43e7000 r-xp 00000000 08:07 936549                     /lib/x86_64-linux-gnu/ld-2.19.so
7f4cf43e9000-7f4cf44c2000 rw-p 00000000 00:00 0 
7f4cf44c2000-7f4cf44c5000 ---p 00000000 00:00 0 
7f4cf44c5000-7f4cf45c7000 rw-p 00000000 00:00 0                          [stack:10101]
7f4cf45cb000-7f4cf45cc000 rw-p 00000000 00:00 0 
7f4cf45cc000-7f4cf45da000 r--s 000e0000 08:08 1834621                    /home/xiaofen/Android/Sdk/build-tools/24.0.0-preview/lib/dx.jar
7f4cf45da000-7f4cf45e2000 rw-s 00000000 08:07 82                         /tmp/hsperfdata_xiaofen/10097
7f4cf45e2000-7f4cf45e3000 rw-p 00000000 00:00 0 
7f4cf45e3000-7f4cf45e4000 ---p 00000000 00:00 0 
7f4cf45e4000-7f4cf45e6000 rw-p 00000000 00:00 0 
7f4cf45e6000-7f4cf45e7000 r--p 00022000 08:07 936549                     /lib/x86_64-linux-gnu/ld-2.19.so
7f4cf45e7000-7f4cf45e8000 rw-p 00023000 08:07 936549                     /lib/x86_64-linux-gnu/ld-2.19.so
7f4cf45e8000-7f4cf45e9000 rw-p 00000000 00:00 0 
7ffec322d000-7ffec324f000 rw-p 00000000 00:00 0                          [stack]
7ffec33f4000-7ffec33f6000 r-xp 00000000 00:00 0                          [vdso]
7ffec33f6000-7ffec33f8000 r--p 00000000 00:00 0                          [vvar]
ffffffffff600000-ffffffffff601000 r-xp 00000000 00:00 0                  [vsyscall]

VM Arguments:
jvm_args: -Djava.awt.headless=true -Xmx1024M -Dfile.encoding=UTF-8 -Duser.country=CN -Duser.language=zh -Duser.variant 
java_command: com.android.dx.command.Main --dex --force-jumbo --num-threads=4 --output /home/xiaofen/Android/AndroidStudioProjects/ZYES_2/animation_1/build/intermediates/pre-dexed/debug/com.android.support-support-v4-23.3.0_7b9ea1bf9124781945402e13c946aa9e13d03b94.jar /home/xiaofen/Android/AndroidStudioProjects/ZYES_2/animation_1/build/intermediates/exploded-aar/com.android.support/support-v4/23.3.0/jars/classes.jar
java_class_path (initial): /home/xiaofen/Android/Sdk/build-tools/24.0.0-preview/lib/dx.jar
Launcher Type: SUN_STANDARD

Environment Variables:
JAVA_HOME=/home/xiaofen/Java/jdk1.8
CLASSPATH=./../lib/bootstrap.jar:./../lib/extensions.jar:./../lib/util.jar:./../lib/jdom.jar:./../lib/log4j.jar:./../lib/trove4j.jar:./../lib/jna.jar:/home/xiaofen/Java/jdk1.8/lib/tools.jar
PATH=/home/xiaofen/Java/jdk1.8/bin:/home/xiaofen/Java/apache-maven339/bin:/usr/local/sbin:/usr/local/bin:/usr/sbin:/usr/bin:/sbin:/bin:/usr/games:/usr/local/games:$JAVA_HOME/bin
LD_LIBRARY_PATH=.:
SHELL=/bin/bash
DISPLAY=:0.0

Signal Handlers:
SIGSEGV: [libjvm.so+0xabca10], sa_mask[0]=11111111011111111101111111111110, sa_flags=SA_RESTART|SA_SIGINFO
SIGBUS: [libjvm.so+0xabca10], sa_mask[0]=11111111011111111101111111111110, sa_flags=SA_RESTART|SA_SIGINFO
SIGFPE: [libjvm.so+0x919a20], sa_mask[0]=11111111011111111101111111111110, sa_flags=SA_RESTART|SA_SIGINFO
SIGPIPE: [libjvm.so+0x919a20], sa_mask[0]=11111111011111111101111111111110, sa_flags=SA_RESTART|SA_SIGINFO
SIGXFSZ: [libjvm.so+0x919a20], sa_mask[0]=11111111011111111101111111111110, sa_flags=SA_RESTART|SA_SIGINFO
SIGILL: [libjvm.so+0x919a20], sa_mask[0]=11111111011111111101111111111110, sa_flags=SA_RESTART|SA_SIGINFO
SIGUSR1: SIG_DFL, sa_mask[0]=00000000000000000000000000000000, sa_flags=none
SIGUSR2: [libjvm.so+0x91b050], sa_mask[0]=00100000000000000000000000000000, sa_flags=SA_RESTART|SA_SIGINFO
SIGHUP: [libjvm.so+0x91c450], sa_mask[0]=11111111011111111101111111111110, sa_flags=SA_RESTART|SA_SIGINFO
SIGINT: [libjvm.so+0x91c450], sa_mask[0]=11111111011111111101111111111110, sa_flags=SA_RESTART|SA_SIGINFO
SIGTERM: [libjvm.so+0x91c450], sa_mask[0]=11111111011111111101111111111110, sa_flags=SA_RESTART|SA_SIGINFO
SIGQUIT: [libjvm.so+0x91c450], sa_mask[0]=11111111011111111101111111111110, sa_flags=SA_RESTART|SA_SIGINFO


---------------  S Y S T E M  ---------------

OS:DISTRIB_ID=Ubuntu
DISTRIB_RELEASE=14.04
DISTRIB_CODENAME=trusty
DISTRIB_DESCRIPTION="Ubuntu 14.04.4 LTS"

uname:Linux 3.16.0-70-generic #90~14.04.1-Ubuntu SMP Wed Apr 6 22:56:34 UTC 2016 x86_64
libc:glibc 2.19 NPTL 2.19 
rlimit: STACK 8192k, CORE 0k, NPROC 15501, NOFILE 4096, AS infinity
load average:19.86 7.26 3.60

/proc/meminfo:
MemTotal:        3989720 kB
MemFree:          534864 kB
MemAvailable:     491860 kB
Buffers:             600 kB
Cached:          1608832 kB
SwapCached:         4140 kB
Active:          2036784 kB
Inactive:         902684 kB
Active(anon):    2029840 kB
Inactive(anon):   865636 kB
Active(file):       6944 kB
Inactive(file):    37048 kB
Unevictable:          32 kB
Mlocked:              32 kB
SwapTotal:        999420 kB
SwapFree:          77172 kB
Dirty:                 8 kB
Writeback:          1040 kB
AnonPages:       1334828 kB
Mapped:           327772 kB
Shmem:           1565424 kB
Slab:              77396 kB
SReclaimable:      38932 kB
SUnreclaim:        38464 kB
KernelStack:       12288 kB
PageTables:        45396 kB
NFS_Unstable:          0 kB
Bounce:                0 kB
WritebackTmp:          0 kB
CommitLimit:     2994280 kB
Committed_AS:    7963112 kB
VmallocTotal:   34359738367 kB
VmallocUsed:      362020 kB
VmallocChunk:   34359314768 kB
HardwareCorrupted:     0 kB
AnonHugePages:    653312 kB
HugePages_Total:       0
HugePages_Free:        0
HugePages_Rsvd:        0
HugePages_Surp:        0
Hugepagesize:       2048 kB
DirectMap4k:       80128 kB
DirectMap2M:     4057088 kB


CPU:total 4 (2 cores per cpu, 2 threads per core) family 6 model 42 stepping 7, cmov, cx8, fxsr, mmx, sse, sse2, sse3, ssse3, sse4.1, sse4.2, popcnt, avx, clmul, ht, tsc, tscinvbit

/proc/cpuinfo:
processor	: 0
vendor_id	: GenuineIntel
cpu family	: 6
model		: 42
model name	: Intel(R) Core(TM) i3-2350M CPU @ 2.30GHz
stepping	: 7
microcode	: 0x25
cpu MHz		: 2300.000
cache size	: 3072 KB
physical id	: 0
siblings	: 4
core id		: 0
cpu cores	: 2
apicid		: 0
initial apicid	: 0
fpu		: yes
fpu_exception	: yes
cpuid level	: 13
wp		: yes
flags		: fpu vme de pse tsc msr pae mce cx8 apic sep mtrr pge mca cmov pat pse36 clflush dts acpi mmx fxsr sse sse2 ss ht tm pbe syscall nx rdtscp lm constant_tsc arch_perfmon pebs bts rep_good nopl xtopology nonstop_tsc aperfmperf eagerfpu pni pclmulqdq dtes64 monitor ds_cpl vmx est tm2 ssse3 cx16 xtpr pdcm pcid sse4_1 sse4_2 x2apic popcnt tsc_deadline_timer xsave avx lahf_lm arat epb xsaveopt pln pts dtherm tpr_shadow vnmi flexpriority ept vpid
bogomips	: 4589.76
clflush size	: 64
cache_alignment	: 64
address sizes	: 36 bits physical, 48 bits virtual
power management:

processor	: 1
vendor_id	: GenuineIntel
cpu family	: 6
model		: 42
model name	: Intel(R) Core(TM) i3-2350M CPU @ 2.30GHz
stepping	: 7
microcode	: 0x25
cpu MHz		: 2300.000
cache size	: 3072 KB
physical id	: 0
siblings	: 4
core id		: 0
cpu cores	: 2
apicid		: 1
initial apicid	: 1
fpu		: yes
fpu_exception	: yes
cpuid level	: 13
wp		: yes
flags		: fpu vme de pse tsc msr pae mce cx8 apic sep mtrr pge mca cmov pat pse36 clflush dts acpi mmx fxsr sse sse2 ss ht tm pbe syscall nx rdtscp lm constant_tsc arch_perfmon pebs bts rep_good nopl xtopology nonstop_tsc aperfmperf eagerfpu pni pclmulqdq dtes64 monitor ds_cpl vmx est tm2 ssse3 cx16 xtpr pdcm pcid sse4_1 sse4_2 x2apic popcnt tsc_deadline_timer xsave avx lahf_lm arat epb xsaveopt pln pts dtherm tpr_shadow vnmi flexpriority ept vpid
bogomips	: 4589.76
clflush size	: 64
cache_alignment	: 64
address sizes	: 36 bits physical, 48 bits virtual
power management:

processor	: 2
vendor_id	: GenuineIntel
cpu family	: 6
model		: 42
model name	: Intel(R) Core(TM) i3-2350M CPU @ 2.30GHz
stepping	: 7
microcode	: 0x25
cpu MHz		: 2300.000
cache size	: 3072 KB
physical id	: 0
siblings	: 4
core id		: 1
cpu cores	: 2
apicid		: 2
initial apicid	: 2
fpu		: yes
fpu_exception	: yes
cpuid level	: 13
wp		: yes
flags		: fpu vme de pse tsc msr pae mce cx8 apic sep mtrr pge mca cmov pat pse36 clflush dts acpi mmx fxsr sse sse2 ss ht tm pbe syscall nx rdtscp lm constant_tsc arch_perfmon pebs bts rep_good nopl xtopology nonstop_tsc aperfmperf eagerfpu pni pclmulqdq dtes64 monitor ds_cpl vmx est tm2 ssse3 cx16 xtpr pdcm pcid sse4_1 sse4_2 x2apic popcnt tsc_deadline_timer xsave avx lahf_lm arat epb xsaveopt pln pts dtherm tpr_shadow vnmi flexpriority ept vpid
bogomips	: 4589.76
clflush size	: 64
cache_alignment	: 64
address sizes	: 36 bits physical, 48 bits virtual
power management:

processor	: 3
vendor_id	: GenuineIntel
cpu family	: 6
model		: 42
model name	: Intel(R) Core(TM) i3-2350M CPU @ 2.30GHz
stepping	: 7
microcode	: 0x25
cpu MHz		: 2300.000
cache size	: 3072 KB
physical id	: 0
siblings	: 4
core id		: 1
cpu cores	: 2
apicid		: 3
initial apicid	: 3
fpu		: yes
fpu_exception	: yes
cpuid level	: 13
wp		: yes
flags		: fpu vme de pse tsc msr pae mce cx8 apic sep mtrr pge mca cmov pat pse36 clflush dts acpi mmx fxsr sse sse2 ss ht tm pbe syscall nx rdtscp lm constant_tsc arch_perfmon pebs bts rep_good nopl xtopology nonstop_tsc aperfmperf eagerfpu pni pclmulqdq dtes64 monitor ds_cpl vmx est tm2 ssse3 cx16 xtpr pdcm pcid sse4_1 sse4_2 x2apic popcnt tsc_deadline_timer xsave avx lahf_lm arat epb xsaveopt pln pts dtherm tpr_shadow vnmi flexpriority ept vpid
bogomips	: 4589.76
clflush size	: 64
cache_alignment	: 64
address sizes	: 36 bits physical, 48 bits virtual
power management:



Memory: 4k page, physical 3989720k(533872k free), swap 999420k(77188k free)

vm_info: Java HotSpot(TM) 64-Bit Server VM (25.91-b14) for linux-amd64 JRE (1.8.0_91-b14), built on Apr  1 2016 00:57:21 by "java_re" with gcc 4.3.0 20080428 (Red Hat 4.3.0-8)

time: Wed Apr 27 21:08:04 2016
elapsed time: 30 seconds (0d 0h 0m 30s)

