#
# There is insufficient memory for the Java Runtime Environment to continue.
# Native memory allocation (mmap) failed to map 43515904 bytes for committing reserved memory.
# Possible reasons:
#   The system is out of physical RAM or swap space
#   In 32 bit mode, the process size limit was hit
# Possible solutions:
#   Reduce memory load on the system
#   Increase physical memory or swap space
#   Check if swap backing store is full
#   Use 64 bit Java on a 64 bit OS
#   Decrease Java heap size (-Xmx/-Xms)
#   Decrease number of Java threads
#   Decrease Java thread stack sizes (-Xss)
#   Set larger code cache with -XX:ReservedCodeCacheSize=
# This output file may be truncated or incomplete.
#
#  Out of Memory Error (os_linux.cpp:2627), pid=12649, tid=140054883198720
#
# JRE version:  (8.0_91-b14) (build )
# Java VM: Java HotSpot(TM) 64-Bit Server VM (25.91-b14 mixed mode linux-amd64 compressed oops)
# Failed to write core dump. Core dumps have been disabled. To enable core dumping, try "ulimit -c unlimited" before starting Java again
#

---------------  T H R E A D  ---------------

Current thread (0x00007f610800a000):  JavaThread "Unknown thread" [_thread_in_vm, id=12655, stack(0x00007f61117fe000,0x00007f61118ff000)]

Stack: [0x00007f61117fe000,0x00007f61118ff000],  sp=0x00007f61118fd370,  free space=1020k
Native frames: (J=compiled Java code, j=interpreted, Vv=VM code, C=native code)
V  [libjvm.so+0xabc18a]  VMError::report_and_die()+0x2ba
V  [libjvm.so+0x4fafeb]  report_vm_out_of_memory(char const*, int, unsigned long, VMErrorType, char const*)+0x8b
V  [libjvm.so+0x91cbb3]  os::Linux::commit_memory_impl(char*, unsigned long, bool)+0x103
V  [libjvm.so+0x91d109]  os::pd_commit_memory(char*, unsigned long, unsigned long, bool)+0x29
V  [libjvm.so+0x91740a]  os::commit_memory(char*, unsigned long, unsigned long, bool)+0x2a
V  [libjvm.so+0x98b033]  PSVirtualSpace::expand_by(unsigned long)+0x53
V  [libjvm.so+0x97b177]  PSOldGen::initialize(ReservedSpace, unsigned long, char const*, int)+0xb7
V  [libjvm.so+0x2d827a]  AdjoiningGenerations::AdjoiningGenerations(ReservedSpace, GenerationSizer*, unsigned long)+0x39a
V  [libjvm.so+0x93ff76]  ParallelScavengeHeap::initialize()+0x1d6
V  [libjvm.so+0xa849bb]  Universe::initialize_heap()+0xfb
V  [libjvm.so+0xa84d2e]  universe_init()+0x3e
V  [libjvm.so+0x63a575]  init_globals()+0x65
V  [libjvm.so+0xa68f3e]  Threads::create_vm(JavaVMInitArgs*, bool*)+0x23e
V  [libjvm.so+0x6cede4]  JNI_CreateJavaVM+0x74
C  [libjli.so+0x745e]  JavaMain+0x9e
C  [libpthread.so.0+0x8182]  start_thread+0xc2


---------------  P R O C E S S  ---------------

Java Threads: ( => current thread )

Other Threads:

=>0x00007f610800a000 (exited) JavaThread "Unknown thread" [_thread_in_vm, id=12655, stack(0x00007f61117fe000,0x00007f61118ff000)]

VM state:not at safepoint (not fully initialized)

VM Mutex/Monitor currently owned by a thread: None

GC Heap History (0 events):
No events

Deoptimization events (0 events):
No events

Internal exceptions (0 events):
No events

Events (0 events):
No events


Dynamic libraries:
00400000-00401000 r-xp 00000000 08:08 1841410                            /home/xiaofen/Java/jdk1.8/bin/java
00600000-00601000 rw-p 00000000 08:08 1841410                            /home/xiaofen/Java/jdk1.8/bin/java
012c2000-012e3000 rw-p 00000000 00:00 0                                  [heap]
c2980000-eab00000 ---p 00000000 00:00 0 
eab00000-ebf80000 rw-p 00000000 00:00 0 
ebf80000-100000000 ---p 00000000 00:00 0 
7f60f9000000-7f60f9270000 rwxp 00000000 00:00 0 
7f60f9270000-7f6108000000 ---p 00000000 00:00 0 
7f6108000000-7f6108032000 rw-p 00000000 00:00 0 
7f6108032000-7f610c000000 ---p 00000000 00:00 0 
7f610e13a000-7f610e3bf000 rw-p 00000000 00:00 0 
7f610e3bf000-7f610e514000 ---p 00000000 00:00 0 
7f610e514000-7f610e51f000 rw-p 00000000 00:00 0 
7f610e51f000-7f610e5bf000 ---p 00000000 00:00 0 
7f610e5bf000-7f610e5ca000 rw-p 00000000 00:00 0 
7f610e5ca000-7f610e980000 ---p 00000000 00:00 0 
7f610e980000-7f610e99a000 r-xp 00000000 08:08 3498                       /home/xiaofen/Java/jdk1.8/jre/lib/amd64/libzip.so
7f610e99a000-7f610eb9a000 ---p 0001a000 08:08 3498                       /home/xiaofen/Java/jdk1.8/jre/lib/amd64/libzip.so
7f610eb9a000-7f610eb9b000 rw-p 0001a000 08:08 3498                       /home/xiaofen/Java/jdk1.8/jre/lib/amd64/libzip.so
7f610eb9b000-7f610eba6000 r-xp 00000000 08:07 936566                     /lib/x86_64-linux-gnu/libnss_files-2.19.so
7f610eba6000-7f610eda5000 ---p 0000b000 08:07 936566                     /lib/x86_64-linux-gnu/libnss_files-2.19.so
7f610eda5000-7f610eda6000 r--p 0000a000 08:07 936566                     /lib/x86_64-linux-gnu/libnss_files-2.19.so
7f610eda6000-7f610eda7000 rw-p 0000b000 08:07 936566                     /lib/x86_64-linux-gnu/libnss_files-2.19.so
7f610eda7000-7f610edb2000 r-xp 00000000 08:07 936552                     /lib/x86_64-linux-gnu/libnss_nis-2.19.so
7f610edb2000-7f610efb1000 ---p 0000b000 08:07 936552                     /lib/x86_64-linux-gnu/libnss_nis-2.19.so
7f610efb1000-7f610efb2000 r--p 0000a000 08:07 936552                     /lib/x86_64-linux-gnu/libnss_nis-2.19.so
7f610efb2000-7f610efb3000 rw-p 0000b000 08:07 936552                     /lib/x86_64-linux-gnu/libnss_nis-2.19.so
7f610efb3000-7f610efca000 r-xp 00000000 08:07 936545                     /lib/x86_64-linux-gnu/libnsl-2.19.so
7f610efca000-7f610f1c9000 ---p 00017000 08:07 936545                     /lib/x86_64-linux-gnu/libnsl-2.19.so
7f610f1c9000-7f610f1ca000 r--p 00016000 08:07 936545                     /lib/x86_64-linux-gnu/libnsl-2.19.so
7f610f1ca000-7f610f1cb000 rw-p 00017000 08:07 936545                     /lib/x86_64-linux-gnu/libnsl-2.19.so
7f610f1cb000-7f610f1cd000 rw-p 00000000 00:00 0 
7f610f1cd000-7f610f1d6000 r-xp 00000000 08:07 936542                     /lib/x86_64-linux-gnu/libnss_compat-2.19.so
7f610f1d6000-7f610f3d5000 ---p 00009000 08:07 936542                     /lib/x86_64-linux-gnu/libnss_compat-2.19.so
7f610f3d5000-7f610f3d6000 r--p 00008000 08:07 936542                     /lib/x86_64-linux-gnu/libnss_compat-2.19.so
7f610f3d6000-7f610f3d7000 rw-p 00009000 08:07 936542                     /lib/x86_64-linux-gnu/libnss_compat-2.19.so
7f610f3d7000-7f610f401000 r-xp 00000000 08:08 3493                       /home/xiaofen/Java/jdk1.8/jre/lib/amd64/libjava.so
7f610f401000-7f610f601000 ---p 0002a000 08:08 3493                       /home/xiaofen/Java/jdk1.8/jre/lib/amd64/libjava.so
7f610f601000-7f610f603000 rw-p 0002a000 08:08 3493                       /home/xiaofen/Java/jdk1.8/jre/lib/amd64/libjava.so
7f610f603000-7f610f610000 r-xp 00000000 08:08 3497                       /home/xiaofen/Java/jdk1.8/jre/lib/amd64/libverify.so
7f610f610000-7f610f810000 ---p 0000d000 08:08 3497                       /home/xiaofen/Java/jdk1.8/jre/lib/amd64/libverify.so
7f610f810000-7f610f812000 rw-p 0000d000 08:08 3497                       /home/xiaofen/Java/jdk1.8/jre/lib/amd64/libverify.so
7f610f812000-7f610f819000 r-xp 00000000 08:07 936561                     /lib/x86_64-linux-gnu/librt-2.19.so
7f610f819000-7f610fa18000 ---p 00007000 08:07 936561                     /lib/x86_64-linux-gnu/librt-2.19.so
7f610fa18000-7f610fa19000 r--p 00006000 08:07 936561                     /lib/x86_64-linux-gnu/librt-2.19.so
7f610fa19000-7f610fa1a000 rw-p 00007000 08:07 936561                     /lib/x86_64-linux-gnu/librt-2.19.so
7f610fa1a000-7f610fb1f000 r-xp 00000000 08:07 936524                     /lib/x86_64-linux-gnu/libm-2.19.so
7f610fb1f000-7f610fd1e000 ---p 00105000 08:07 936524                     /lib/x86_64-linux-gnu/libm-2.19.so
7f610fd1e000-7f610fd1f000 r--p 00104000 08:07 936524                     /lib/x86_64-linux-gnu/libm-2.19.so
7f610fd1f000-7f610fd20000 rw-p 00105000 08:07 936524                     /lib/x86_64-linux-gnu/libm-2.19.so
7f610fd20000-7f61109e0000 r-xp 00000000 08:08 3476                       /home/xiaofen/Java/jdk1.8/jre/lib/amd64/server/libjvm.so
7f61109e0000-7f6110be0000 ---p 00cc0000 08:08 3476                       /home/xiaofen/Java/jdk1.8/jre/lib/amd64/server/libjvm.so
7f6110be0000-7f6110cb8000 rw-p 00cc0000 08:08 3476                       /home/xiaofen/Java/jdk1.8/jre/lib/amd64/server/libjvm.so
7f6110cb8000-7f6110d03000 rw-p 00000000 00:00 0 
7f6110d03000-7f6110ebe000 r-xp 00000000 08:07 936562                     /lib/x86_64-linux-gnu/libc-2.19.so
7f6110ebe000-7f61110bd000 ---p 001bb000 08:07 936562                     /lib/x86_64-linux-gnu/libc-2.19.so
7f61110bd000-7f61110c1000 r--p 001ba000 08:07 936562                     /lib/x86_64-linux-gnu/libc-2.19.so
7f61110c1000-7f61110c3000 rw-p 001be000 08:07 936562                     /lib/x86_64-linux-gnu/libc-2.19.so
7f61110c3000-7f61110c8000 rw-p 00000000 00:00 0 
7f61110c8000-7f61110cb000 r-xp 00000000 08:07 936536                     /lib/x86_64-linux-gnu/libdl-2.19.so
7f61110cb000-7f61112ca000 ---p 00003000 08:07 936536                     /lib/x86_64-linux-gnu/libdl-2.19.so
7f61112ca000-7f61112cb000 r--p 00002000 08:07 936536                     /lib/x86_64-linux-gnu/libdl-2.19.so
7f61112cb000-7f61112cc000 rw-p 00003000 08:07 936536                     /lib/x86_64-linux-gnu/libdl-2.19.so
7f61112cc000-7f61112e1000 r-xp 00000000 08:08 1842257                    /home/xiaofen/Java/jdk1.8/lib/amd64/jli/libjli.so
7f61112e1000-7f61114e1000 ---p 00015000 08:08 1842257                    /home/xiaofen/Java/jdk1.8/lib/amd64/jli/libjli.so
7f61114e1000-7f61114e2000 rw-p 00015000 08:08 1842257                    /home/xiaofen/Java/jdk1.8/lib/amd64/jli/libjli.so
7f61114e2000-7f61114fb000 r-xp 00000000 08:07 936546                     /lib/x86_64-linux-gnu/libpthread-2.19.so
7f61114fb000-7f61116fa000 ---p 00019000 08:07 936546                     /lib/x86_64-linux-gnu/libpthread-2.19.so
7f61116fa000-7f61116fb000 r--p 00018000 08:07 936546                     /lib/x86_64-linux-gnu/libpthread-2.19.so
7f61116fb000-7f61116fc000 rw-p 00019000 08:07 936546                     /lib/x86_64-linux-gnu/libpthread-2.19.so
7f61116fc000-7f6111700000 rw-p 00000000 00:00 0 
7f6111700000-7f6111723000 r-xp 00000000 08:07 936549                     /lib/x86_64-linux-gnu/ld-2.19.so
7f61117fe000-7f6111801000 ---p 00000000 00:00 0 
7f6111801000-7f6111903000 rw-p 00000000 00:00 0                          [stack:12655]
7f6111913000-7f6111916000 rw-p 00000000 00:00 0 
7f6111916000-7f611191e000 rw-s 00000000 08:07 99                         /tmp/hsperfdata_xiaofen/12649
7f611191e000-7f611191f000 rw-p 00000000 00:00 0 
7f611191f000-7f6111920000 r--p 00000000 00:00 0 
7f6111920000-7f6111922000 rw-p 00000000 00:00 0 
7f6111922000-7f6111923000 r--p 00022000 08:07 936549                     /lib/x86_64-linux-gnu/ld-2.19.so
7f6111923000-7f6111924000 rw-p 00023000 08:07 936549                     /lib/x86_64-linux-gnu/ld-2.19.so
7f6111924000-7f6111925000 rw-p 00000000 00:00 0 
7ffd9afe6000-7ffd9b008000 rw-p 00000000 00:00 0                          [stack]
7ffd9b18d000-7ffd9b18f000 r-xp 00000000 00:00 0                          [vdso]
7ffd9b18f000-7ffd9b191000 r--p 00000000 00:00 0                          [vvar]
ffffffffff600000-ffffffffff601000 r-xp 00000000 00:00 0                  [vsyscall]

VM Arguments:
jvm_args: -Djava.awt.headless=true -Xmx1024M -Dfile.encoding=UTF-8 -Duser.country=CN -Duser.language=zh -Duser.variant 
java_command: com.android.dx.command.Main --dex --force-jumbo --num-threads=4 --multi-dex --output /home/xiaofen/Android/AndroidStudioProjects/ZYES_2/animation_1/build/intermediates/transforms/dex/debug/folders/1000/5/slice_9 /home/xiaofen/Android/AndroidStudioProjects/ZYES_2/animation_1/build/intermediates/transforms/instantRunSlicer/debug/folders/1/5/slice_9
java_class_path (initial): /home/xiaofen/Android/Sdk/build-tools/24.0.0-preview/lib/dx.jar
Launcher Type: SUN_STANDARD

Environment Variables:
JAVA_HOME=/home/xiaofen/Java/jdk1.8
CLASSPATH=./../lib/bootstrap.jar:./../lib/extensions.jar:./../lib/util.jar:./../lib/jdom.jar:./../lib/log4j.jar:./../lib/trove4j.jar:./../lib/jna.jar:/home/xiaofen/Java/jdk1.8/lib/tools.jar
PATH=/home/xiaofen/Java/jdk1.8/bin:/home/xiaofen/Java/apache-maven339/bin:/usr/local/sbin:/usr/local/bin:/usr/sbin:/usr/bin:/sbin:/bin:/usr/games:/usr/local/games:$JAVA_HOME/bin
LD_LIBRARY_PATH=.:
SHELL=/bin/bash
DISPLAY=:0.0

Signal Handlers:
SIGSEGV: [libjvm.so+0xabca10], sa_mask[0]=11111111011111111101111111111110, sa_flags=SA_RESTART|SA_SIGINFO
SIGBUS: [libjvm.so+0xabca10], sa_mask[0]=11111111011111111101111111111110, sa_flags=SA_RESTART|SA_SIGINFO
SIGFPE: [libjvm.so+0x919a20], sa_mask[0]=11111111011111111101111111111110, sa_flags=SA_RESTART|SA_SIGINFO
SIGPIPE: [libjvm.so+0x919a20], sa_mask[0]=11111111011111111101111111111110, sa_flags=SA_RESTART|SA_SIGINFO
SIGXFSZ: [libjvm.so+0x919a20], sa_mask[0]=11111111011111111101111111111110, sa_flags=SA_RESTART|SA_SIGINFO
SIGILL: [libjvm.so+0x919a20], sa_mask[0]=11111111011111111101111111111110, sa_flags=SA_RESTART|SA_SIGINFO
SIGUSR1: SIG_DFL, sa_mask[0]=00000000000000000000000000000000, sa_flags=none
SIGUSR2: [libjvm.so+0x91b050], sa_mask[0]=00100000000000000000000000000000, sa_flags=SA_RESTART|SA_SIGINFO
SIGHUP: SIG_DFL, sa_mask[0]=00000000000000000000000000000000, sa_flags=none
SIGINT: SIG_DFL, sa_mask[0]=00000000000000000000000000000000, sa_flags=none
SIGTERM: SIG_DFL, sa_mask[0]=00000000000000000000000000000000, sa_flags=none
SIGQUIT: SIG_DFL, sa_mask[0]=00000000000000000000000000000000, sa_flags=none


---------------  S Y S T E M  ---------------

OS:DISTRIB_ID=Ubuntu
DISTRIB_RELEASE=14.04
DISTRIB_CODENAME=trusty
DISTRIB_DESCRIPTION="Ubuntu 14.04.4 LTS"

uname:Linux 3.16.0-70-generic #90~14.04.1-Ubuntu SMP Wed Apr 6 22:56:34 UTC 2016 x86_64
libc:glibc 2.19 NPTL 2.19 
rlimit: STACK 8192k, CORE 0k, NPROC 15501, NOFILE 4096, AS infinity
load average:16.01 8.77 5.85

/proc/meminfo:
MemTotal:        3989720 kB
MemFree:           86144 kB
MemAvailable:      34444 kB
Buffers:             948 kB
Cached:          1322988 kB
SwapCached:         1152 kB
Active:          2471728 kB
Inactive:         922208 kB
Active(anon):    2457324 kB
Inactive(anon):   909428 kB
Active(file):      14404 kB
Inactive(file):    12780 kB
Unevictable:          32 kB
Mlocked:              32 kB
SwapTotal:        999420 kB
SwapFree:              0 kB
Dirty:                12 kB
Writeback:             0 kB
AnonPages:       2068892 kB
Mapped:           357124 kB
Shmem:           1296496 kB
Slab:              77528 kB
SReclaimable:      38352 kB
SUnreclaim:        39176 kB
KernelStack:       13056 kB
PageTables:        48748 kB
NFS_Unstable:          0 kB
Bounce:                0 kB
WritebackTmp:          0 kB
CommitLimit:     2994280 kB
Committed_AS:    8699340 kB
VmallocTotal:   34359738367 kB
VmallocUsed:      362020 kB
VmallocChunk:   34359289368 kB
HardwareCorrupted:     0 kB
AnonHugePages:    688128 kB
HugePages_Total:       0
HugePages_Free:        0
HugePages_Rsvd:        0
HugePages_Surp:        0
Hugepagesize:       2048 kB
DirectMap4k:       80128 kB
DirectMap2M:     4057088 kB


CPU:total 4 (2 cores per cpu, 2 threads per core) family 6 model 42 stepping 7, cmov, cx8, fxsr, mmx, sse, sse2, sse3, ssse3, sse4.1, sse4.2, popcnt, avx, clmul, ht, tsc, tscinvbit

/proc/cpuinfo:
processor	: 0
vendor_id	: GenuineIntel
cpu family	: 6
model		: 42
model name	: Intel(R) Core(TM) i3-2350M CPU @ 2.30GHz
stepping	: 7
microcode	: 0x25
cpu MHz		: 2300.000
cache size	: 3072 KB
physical id	: 0
siblings	: 4
core id		: 0
cpu cores	: 2
apicid		: 0
initial apicid	: 0
fpu		: yes
fpu_exception	: yes
cpuid level	: 13
wp		: yes
flags		: fpu vme de pse tsc msr pae mce cx8 apic sep mtrr pge mca cmov pat pse36 clflush dts acpi mmx fxsr sse sse2 ss ht tm pbe syscall nx rdtscp lm constant_tsc arch_perfmon pebs bts rep_good nopl xtopology nonstop_tsc aperfmperf eagerfpu pni pclmulqdq dtes64 monitor ds_cpl vmx est tm2 ssse3 cx16 xtpr pdcm pcid sse4_1 sse4_2 x2apic popcnt tsc_deadline_timer xsave avx lahf_lm arat epb xsaveopt pln pts dtherm tpr_shadow vnmi flexpriority ept vpid
bogomips	: 4589.76
clflush size	: 64
cache_alignment	: 64
address sizes	: 36 bits physical, 48 bits virtual
power management:

processor	: 1
vendor_id	: GenuineIntel
cpu family	: 6
model		: 42
model name	: Intel(R) Core(TM) i3-2350M CPU @ 2.30GHz
stepping	: 7
microcode	: 0x25
cpu MHz		: 2300.000
cache size	: 3072 KB
physical id	: 0
siblings	: 4
core id		: 0
cpu cores	: 2
apicid		: 1
initial apicid	: 1
fpu		: yes
fpu_exception	: yes
cpuid level	: 13
wp		: yes
flags		: fpu vme de pse tsc msr pae mce cx8 apic sep mtrr pge mca cmov pat pse36 clflush dts acpi mmx fxsr sse sse2 ss ht tm pbe syscall nx rdtscp lm constant_tsc arch_perfmon pebs bts rep_good nopl xtopology nonstop_tsc aperfmperf eagerfpu pni pclmulqdq dtes64 monitor ds_cpl vmx est tm2 ssse3 cx16 xtpr pdcm pcid sse4_1 sse4_2 x2apic popcnt tsc_deadline_timer xsave avx lahf_lm arat epb xsaveopt pln pts dtherm tpr_shadow vnmi flexpriority ept vpid
bogomips	: 4589.76
clflush size	: 64
cache_alignment	: 64
address sizes	: 36 bits physical, 48 bits virtual
power management:

processor	: 2
vendor_id	: GenuineIntel
cpu family	: 6
model		: 42
model name	: Intel(R) Core(TM) i3-2350M CPU @ 2.30GHz
stepping	: 7
microcode	: 0x25
cpu MHz		: 2300.000
cache size	: 3072 KB
physical id	: 0
siblings	: 4
core id		: 1
cpu cores	: 2
apicid		: 2
initial apicid	: 2
fpu		: yes
fpu_exception	: yes
cpuid level	: 13
wp		: yes
flags		: fpu vme de pse tsc msr pae mce cx8 apic sep mtrr pge mca cmov pat pse36 clflush dts acpi mmx fxsr sse sse2 ss ht tm pbe syscall nx rdtscp lm constant_tsc arch_perfmon pebs bts rep_good nopl xtopology nonstop_tsc aperfmperf eagerfpu pni pclmulqdq dtes64 monitor ds_cpl vmx est tm2 ssse3 cx16 xtpr pdcm pcid sse4_1 sse4_2 x2apic popcnt tsc_deadline_timer xsave avx lahf_lm arat epb xsaveopt pln pts dtherm tpr_shadow vnmi flexpriority ept vpid
bogomips	: 4589.76
clflush size	: 64
cache_alignment	: 64
address sizes	: 36 bits physical, 48 bits virtual
power management:

processor	: 3
vendor_id	: GenuineIntel
cpu family	: 6
model		: 42
model name	: Intel(R) Core(TM) i3-2350M CPU @ 2.30GHz
stepping	: 7
microcode	: 0x25
cpu MHz		: 2300.000
cache size	: 3072 KB
physical id	: 0
siblings	: 4
core id		: 1
cpu cores	: 2
apicid		: 3
initial apicid	: 3
fpu		: yes
fpu_exception	: yes
cpuid level	: 13
wp		: yes
flags		: fpu vme de pse tsc msr pae mce cx8 apic sep mtrr pge mca cmov pat pse36 clflush dts acpi mmx fxsr sse sse2 ss ht tm pbe syscall nx rdtscp lm constant_tsc arch_perfmon pebs bts rep_good nopl xtopology nonstop_tsc aperfmperf eagerfpu pni pclmulqdq dtes64 monitor ds_cpl vmx est tm2 ssse3 cx16 xtpr pdcm pcid sse4_1 sse4_2 x2apic popcnt tsc_deadline_timer xsave avx lahf_lm arat epb xsaveopt pln pts dtherm tpr_shadow vnmi flexpriority ept vpid
bogomips	: 4589.76
clflush size	: 64
cache_alignment	: 64
address sizes	: 36 bits physical, 48 bits virtual
power management:



Memory: 4k page, physical 3989720k(86840k free), swap 999420k(0k free)

vm_info: Java HotSpot(TM) 64-Bit Server VM (25.91-b14) for linux-amd64 JRE (1.8.0_91-b14), built on Apr  1 2016 00:57:21 by "java_re" with gcc 4.3.0 20080428 (Red Hat 4.3.0-8)

time: Wed Apr 27 21:17:08 2016
elapsed time: 0 seconds (0d 0h 0m 0s)

